CRITICAL - 2020-12-07 10:49:24 --> Object of class CodeIgniter\Session\Session could not be converted to string
#0 C:\Users\sasmitobaguss\umkmTanjung\app\Views\sistem\fotoprofil.php(17): CodeIgniter\Debug\Exceptions->errorHandler(4096, 'Object of class...', 'C:\\Users\\sasmit...', 17, Array)
#1 C:\Users\sasmitobaguss\umkmTanjung\vendor\codeigniter4\framework\system\View\View.php(246): include('C:\\Users\\sasmit...')
#2 C:\Users\sasmitobaguss\umkmTanjung\vendor\codeigniter4\framework\system\Common.php(1119): CodeIgniter\View\View->render('sistem/fotoprof...', Array, true)
#3 C:\Users\sasmitobaguss\umkmTanjung\app\Controllers\Sistem.php(209): view('sistem/fotoprof...', Array)
#4 C:\Users\sasmitobaguss\umkmTanjung\vendor\codeigniter4\framework\system\CodeIgniter.php(918): App\Controllers\Sistem->fotoProfil()
#5 C:\Users\sasmitobaguss\umkmTanjung\vendor\codeigniter4\framework\system\CodeIgniter.php(404): CodeIgniter\CodeIgniter->runController(Object(App\Controllers\Sistem))
#6 C:\Users\sasmitobaguss\umkmTanjung\vendor\codeigniter4\framework\system\CodeIgniter.php(312): CodeIgniter\CodeIgniter->handleRequest(NULL, Object(Config\Cache), false)
#7 C:\Users\sasmitobaguss\umkmTanjung\public\index.php(45): CodeIgniter\CodeIgniter->run()
#8 C:\Users\sasmitobaguss\umkmTanjung\vendor\codeigniter4\framework\system\Commands\Server\rewrite.php(34): require_once('C:\\Users\\sasmit...')
#9 {main}
CRITICAL - 2020-12-07 10:54:57 --> unlink(assets/img/fotoProfile/): Permission denied
#0 [internal function]: CodeIgniter\Debug\Exceptions->errorHandler(2, 'unlink(assets/i...', 'C:\\Users\\sasmit...', 252, Array)
#1 C:\Users\sasmitobaguss\umkmTanjung\app\Controllers\Sistem.php(252): unlink('assets/img/foto...')
#2 C:\Users\sasmitobaguss\umkmTanjung\vendor\codeigniter4\framework\system\CodeIgniter.php(918): App\Controllers\Sistem->fotohapus('7')
#3 C:\Users\sasmitobaguss\umkmTanjung\vendor\codeigniter4\framework\system\CodeIgniter.php(404): CodeIgniter\CodeIgniter->runController(Object(App\Controllers\Sistem))
#4 C:\Users\sasmitobaguss\umkmTanjung\vendor\codeigniter4\framework\system\CodeIgniter.php(312): CodeIgniter\CodeIgniter->handleRequest(NULL, Object(Config\Cache), false)
#5 C:\Users\sasmitobaguss\umkmTanjung\public\index.php(45): CodeIgniter\CodeIgniter->run()
#6 C:\Users\sasmitobaguss\umkmTanjung\vendor\codeigniter4\framework\system\Commands\Server\rewrite.php(34): require_once('C:\\Users\\sasmit...')
#7 {main}
CRITICAL - 2020-12-07 11:11:14 --> syntax error, unexpected '||' (T_BOOLEAN_OR)
#0 C:\Users\sasmitobaguss\umkmTanjung\vendor\codeigniter4\framework\system\View\View.php(525): CodeIgniter\View\View->render('layout/sidebar', NULL, true)
#1 C:\Users\sasmitobaguss\umkmTanjung\app\Views\layout\admintmp.php(28): CodeIgniter\View\View->include('layout/sidebar')
#2 C:\Users\sasmitobaguss\umkmTanjung\vendor\codeigniter4\framework\system\View\View.php(246): include('C:\\Users\\sasmit...')
#3 C:\Users\sasmitobaguss\umkmTanjung\vendor\codeigniter4\framework\system\View\View.php(257): CodeIgniter\View\View->render('layout/admintmp', Array, true)
#4 C:\Users\sasmitobaguss\umkmTanjung\vendor\codeigniter4\framework\system\Common.php(1119): CodeIgniter\View\View->render('sistem/akun', Array, true)
#5 C:\Users\sasmitobaguss\umkmTanjung\app\Controllers\Sistem.php(307): view('sistem/akun', Array)
#6 C:\Users\sasmitobaguss\umkmTanjung\vendor\codeigniter4\framework\system\CodeIgniter.php(918): App\Controllers\Sistem->akun()
#7 C:\Users\sasmitobaguss\umkmTanjung\vendor\codeigniter4\framework\system\CodeIgniter.php(404): CodeIgniter\CodeIgniter->runController(Object(App\Controllers\Sistem))
#8 C:\Users\sasmitobaguss\umkmTanjung\vendor\codeigniter4\framework\system\CodeIgniter.php(312): CodeIgniter\CodeIgniter->handleRequest(NULL, Object(Config\Cache), false)
#9 C:\Users\sasmitobaguss\umkmTanjung\public\index.php(45): CodeIgniter\CodeIgniter->run()
#10 C:\Users\sasmitobaguss\umkmTanjung\vendor\codeigniter4\framework\system\Commands\Server\rewrite.php(34): require_once('C:\\Users\\sasmit...')
#11 {main}
CRITICAL - 2020-12-07 12:06:32 --> Undefined index: Judul
#0 C:\Users\sasmitobaguss\umkmTanjung\app\Views\sistem\gambar.php(26): CodeIgniter\Debug\Exceptions->errorHandler(8, 'Undefined index...', 'C:\\Users\\sasmit...', 26, Array)
#1 C:\Users\sasmitobaguss\umkmTanjung\vendor\codeigniter4\framework\system\View\View.php(246): include('C:\\Users\\sasmit...')
#2 C:\Users\sasmitobaguss\umkmTanjung\vendor\codeigniter4\framework\system\Common.php(1119): CodeIgniter\View\View->render('sistem/gambar', Array, true)
#3 C:\Users\sasmitobaguss\umkmTanjung\app\Controllers\Sistem.php(383): view('sistem/gambar', Array)
#4 C:\Users\sasmitobaguss\umkmTanjung\vendor\codeigniter4\framework\system\CodeIgniter.php(918): App\Controllers\Sistem->gambar()
#5 C:\Users\sasmitobaguss\umkmTanjung\vendor\codeigniter4\framework\system\CodeIgniter.php(404): CodeIgniter\CodeIgniter->runController(Object(App\Controllers\Sistem))
#6 C:\Users\sasmitobaguss\umkmTanjung\vendor\codeigniter4\framework\system\CodeIgniter.php(312): CodeIgniter\CodeIgniter->handleRequest(NULL, Object(Config\Cache), false)
#7 C:\Users\sasmitobaguss\umkmTanjung\public\index.php(45): CodeIgniter\CodeIgniter->run()
#8 C:\Users\sasmitobaguss\umkmTanjung\vendor\codeigniter4\framework\system\Commands\Server\rewrite.php(34): require_once('C:\\Users\\sasmit...')
#9 {main}
CRITICAL - 2020-12-07 12:06:56 --> syntax error, unexpected 'endforeach' (T_ENDFOREACH), expecting end of file
#0 C:\Users\sasmitobaguss\umkmTanjung\vendor\codeigniter4\framework\system\Common.php(1119): CodeIgniter\View\View->render('sistem/gambar', Array, true)
#1 C:\Users\sasmitobaguss\umkmTanjung\app\Controllers\Sistem.php(383): view('sistem/gambar', Array)
#2 C:\Users\sasmitobaguss\umkmTanjung\vendor\codeigniter4\framework\system\CodeIgniter.php(918): App\Controllers\Sistem->gambar()
#3 C:\Users\sasmitobaguss\umkmTanjung\vendor\codeigniter4\framework\system\CodeIgniter.php(404): CodeIgniter\CodeIgniter->runController(Object(App\Controllers\Sistem))
#4 C:\Users\sasmitobaguss\umkmTanjung\vendor\codeigniter4\framework\system\CodeIgniter.php(312): CodeIgniter\CodeIgniter->handleRequest(NULL, Object(Config\Cache), false)
#5 C:\Users\sasmitobaguss\umkmTanjung\public\index.php(45): CodeIgniter\CodeIgniter->run()
#6 C:\Users\sasmitobaguss\umkmTanjung\vendor\codeigniter4\framework\system\Commands\Server\rewrite.php(34): require_once('C:\\Users\\sasmit...')
#7 {main}
CRITICAL - 2020-12-07 12:25:56 --> Undefined variable: cari
#0 C:\Users\sasmitobaguss\umkmTanjung\app\Controllers\Sistem.php(377): CodeIgniter\Debug\Exceptions->errorHandler(8, 'Undefined varia...', 'C:\\Users\\sasmit...', 377, Array)
#1 C:\Users\sasmitobaguss\umkmTanjung\vendor\codeigniter4\framework\system\CodeIgniter.php(918): App\Controllers\Sistem->gambar()
#2 C:\Users\sasmitobaguss\umkmTanjung\vendor\codeigniter4\framework\system\CodeIgniter.php(404): CodeIgniter\CodeIgniter->runController(Object(App\Controllers\Sistem))
#3 C:\Users\sasmitobaguss\umkmTanjung\vendor\codeigniter4\framework\system\CodeIgniter.php(312): CodeIgniter\CodeIgniter->handleRequest(NULL, Object(Config\Cache), false)
#4 C:\Users\sasmitobaguss\umkmTanjung\public\index.php(45): CodeIgniter\CodeIgniter->run()
#5 C:\Users\sasmitobaguss\umkmTanjung\vendor\codeigniter4\framework\system\Commands\Server\rewrite.php(34): require_once('C:\\Users\\sasmit...')
#6 {main}
CRITICAL - 2020-12-07 12:26:11 --> Undefined variable: cari
#0 C:\Users\sasmitobaguss\umkmTanjung\app\Controllers\Sistem.php(377): CodeIgniter\Debug\Exceptions->errorHandler(8, 'Undefined varia...', 'C:\\Users\\sasmit...', 377, Array)
#1 C:\Users\sasmitobaguss\umkmTanjung\vendor\codeigniter4\framework\system\CodeIgniter.php(918): App\Controllers\Sistem->gambar()
#2 C:\Users\sasmitobaguss\umkmTanjung\vendor\codeigniter4\framework\system\CodeIgniter.php(404): CodeIgniter\CodeIgniter->runController(Object(App\Controllers\Sistem))
#3 C:\Users\sasmitobaguss\umkmTanjung\vendor\codeigniter4\framework\system\CodeIgniter.php(312): CodeIgniter\CodeIgniter->handleRequest(NULL, Object(Config\Cache), false)
#4 C:\Users\sasmitobaguss\umkmTanjung\public\index.php(45): CodeIgniter\CodeIgniter->run()
#5 C:\Users\sasmitobaguss\umkmTanjung\vendor\codeigniter4\framework\system\Commands\Server\rewrite.php(34): require_once('C:\\Users\\sasmit...')
#6 {main}
CRITICAL - 2020-12-07 12:33:36 --> Undefined variable: img
#0 C:\Users\sasmitobaguss\umkmTanjung\app\Views\sistem\agenda.php(36): CodeIgniter\Debug\Exceptions->errorHandler(8, 'Undefined varia...', 'C:\\Users\\sasmit...', 36, Array)
#1 C:\Users\sasmitobaguss\umkmTanjung\vendor\codeigniter4\framework\system\View\View.php(246): include('C:\\Users\\sasmit...')
#2 C:\Users\sasmitobaguss\umkmTanjung\vendor\codeigniter4\framework\system\Common.php(1119): CodeIgniter\View\View->render('sistem/agenda', Array, true)
#3 C:\Users\sasmitobaguss\umkmTanjung\app\Controllers\Sistem.php(369): view('sistem/agenda', Array)
#4 C:\Users\sasmitobaguss\umkmTanjung\vendor\codeigniter4\framework\system\CodeIgniter.php(918): App\Controllers\Sistem->agenda()
#5 C:\Users\sasmitobaguss\umkmTanjung\vendor\codeigniter4\framework\system\CodeIgniter.php(404): CodeIgniter\CodeIgniter->runController(Object(App\Controllers\Sistem))
#6 C:\Users\sasmitobaguss\umkmTanjung\vendor\codeigniter4\framework\system\CodeIgniter.php(312): CodeIgniter\CodeIgniter->handleRequest(NULL, Object(Config\Cache), false)
#7 C:\Users\sasmitobaguss\umkmTanjung\public\index.php(45): CodeIgniter\CodeIgniter->run()
#8 C:\Users\sasmitobaguss\umkmTanjung\vendor\codeigniter4\framework\system\Commands\Server\rewrite.php(34): require_once('C:\\Users\\sasmit...')
#9 {main}
CRITICAL - 2020-12-07 12:45:03 --> syntax error, unexpected ':', expecting ';'
#0 C:\Users\sasmitobaguss\umkmTanjung\vendor\codeigniter4\framework\system\Common.php(1119): CodeIgniter\View\View->render('home/index', Array, true)
#1 C:\Users\sasmitobaguss\umkmTanjung\app\Controllers\Home.php(29): view('home/index', Array)
#2 C:\Users\sasmitobaguss\umkmTanjung\vendor\codeigniter4\framework\system\CodeIgniter.php(918): App\Controllers\Home->index()
#3 C:\Users\sasmitobaguss\umkmTanjung\vendor\codeigniter4\framework\system\CodeIgniter.php(404): CodeIgniter\CodeIgniter->runController(Object(App\Controllers\Home))
#4 C:\Users\sasmitobaguss\umkmTanjung\vendor\codeigniter4\framework\system\CodeIgniter.php(312): CodeIgniter\CodeIgniter->handleRequest(NULL, Object(Config\Cache), false)
#5 C:\Users\sasmitobaguss\umkmTanjung\public\index.php(45): CodeIgniter\CodeIgniter->run()
#6 C:\Users\sasmitobaguss\umkmTanjung\vendor\codeigniter4\framework\system\Commands\Server\rewrite.php(34): require_once('C:\\Users\\sasmit...')
#7 {main}
CRITICAL - 2020-12-07 13:00:53 --> Array to string conversion
#0 C:\Users\sasmitobaguss\umkmTanjung\app\Views\home\index.php(59): CodeIgniter\Debug\Exceptions->errorHandler(8, 'Array to string...', 'C:\\Users\\sasmit...', 59, Array)
#1 C:\Users\sasmitobaguss\umkmTanjung\vendor\codeigniter4\framework\system\View\View.php(246): include('C:\\Users\\sasmit...')
#2 C:\Users\sasmitobaguss\umkmTanjung\vendor\codeigniter4\framework\system\Common.php(1119): CodeIgniter\View\View->render('home/index', Array, true)
#3 C:\Users\sasmitobaguss\umkmTanjung\app\Controllers\Home.php(29): view('home/index', Array)
#4 C:\Users\sasmitobaguss\umkmTanjung\vendor\codeigniter4\framework\system\CodeIgniter.php(918): App\Controllers\Home->index()
#5 C:\Users\sasmitobaguss\umkmTanjung\vendor\codeigniter4\framework\system\CodeIgniter.php(404): CodeIgniter\CodeIgniter->runController(Object(App\Controllers\Home))
#6 C:\Users\sasmitobaguss\umkmTanjung\vendor\codeigniter4\framework\system\CodeIgniter.php(312): CodeIgniter\CodeIgniter->handleRequest(NULL, Object(Config\Cache), false)
#7 C:\Users\sasmitobaguss\umkmTanjung\public\index.php(45): CodeIgniter\CodeIgniter->run()
#8 C:\Users\sasmitobaguss\umkmTanjung\vendor\codeigniter4\framework\system\Commands\Server\rewrite.php(34): require_once('C:\\Users\\sasmit...')
#9 {main}
CRITICAL - 2020-12-07 13:28:29 --> Undefined variable: i
#0 C:\Users\sasmitobaguss\umkmTanjung\app\Controllers\Sistem.php(400): CodeIgniter\Debug\Exceptions->errorHandler(8, 'Undefined varia...', 'C:\\Users\\sasmit...', 400, Array)
#1 C:\Users\sasmitobaguss\umkmTanjung\vendor\codeigniter4\framework\system\CodeIgniter.php(918): App\Controllers\Sistem->gambarhapus('5')
#2 C:\Users\sasmitobaguss\umkmTanjung\vendor\codeigniter4\framework\system\CodeIgniter.php(404): CodeIgniter\CodeIgniter->runController(Object(App\Controllers\Sistem))
#3 C:\Users\sasmitobaguss\umkmTanjung\vendor\codeigniter4\framework\system\CodeIgniter.php(312): CodeIgniter\CodeIgniter->handleRequest(NULL, Object(Config\Cache), false)
#4 C:\Users\sasmitobaguss\umkmTanjung\public\index.php(45): CodeIgniter\CodeIgniter->run()
#5 C:\Users\sasmitobaguss\umkmTanjung\vendor\codeigniter4\framework\system\Commands\Server\rewrite.php(34): require_once('C:\\Users\\sasmit...')
#6 {main}
CRITICAL - 2020-12-07 13:28:48 --> unlink(assets/img/karosel/1-copy (4).jpg): No such file or directory
#0 [internal function]: CodeIgniter\Debug\Exceptions->errorHandler(2, 'unlink(assets/i...', 'C:\\Users\\sasmit...', 399, Array)
#1 C:\Users\sasmitobaguss\umkmTanjung\app\Controllers\Sistem.php(399): unlink('assets/img/karo...')
#2 C:\Users\sasmitobaguss\umkmTanjung\vendor\codeigniter4\framework\system\CodeIgniter.php(918): App\Controllers\Sistem->gambarhapus('5')
#3 C:\Users\sasmitobaguss\umkmTanjung\vendor\codeigniter4\framework\system\CodeIgniter.php(404): CodeIgniter\CodeIgniter->runController(Object(App\Controllers\Sistem))
#4 C:\Users\sasmitobaguss\umkmTanjung\vendor\codeigniter4\framework\system\CodeIgniter.php(312): CodeIgniter\CodeIgniter->handleRequest(NULL, Object(Config\Cache), false)
#5 C:\Users\sasmitobaguss\umkmTanjung\public\index.php(45): CodeIgniter\CodeIgniter->run()
#6 C:\Users\sasmitobaguss\umkmTanjung\vendor\codeigniter4\framework\system\Commands\Server\rewrite.php(34): require_once('C:\\Users\\sasmit...')
#7 {main}
CRITICAL - 2020-12-07 13:54:49 --> Undefined variable: validation
#0 C:\Users\sasmitobaguss\umkmTanjung\app\Views\sistem\gambartambah.php(14): CodeIgniter\Debug\Exceptions->errorHandler(8, 'Undefined varia...', 'C:\\Users\\sasmit...', 14, Array)
#1 C:\Users\sasmitobaguss\umkmTanjung\vendor\codeigniter4\framework\system\View\View.php(246): include('C:\\Users\\sasmit...')
#2 C:\Users\sasmitobaguss\umkmTanjung\vendor\codeigniter4\framework\system\Common.php(1119): CodeIgniter\View\View->render('sistem/gambarta...', Array, true)
#3 C:\Users\sasmitobaguss\umkmTanjung\app\Controllers\Sistem.php(418): view('sistem/gambarta...', Array)
#4 C:\Users\sasmitobaguss\umkmTanjung\vendor\codeigniter4\framework\system\CodeIgniter.php(918): App\Controllers\Sistem->gambartambah()
#5 C:\Users\sasmitobaguss\umkmTanjung\vendor\codeigniter4\framework\system\CodeIgniter.php(404): CodeIgniter\CodeIgniter->runController(Object(App\Controllers\Sistem))
#6 C:\Users\sasmitobaguss\umkmTanjung\vendor\codeigniter4\framework\system\CodeIgniter.php(312): CodeIgniter\CodeIgniter->handleRequest(NULL, Object(Config\Cache), false)
#7 C:\Users\sasmitobaguss\umkmTanjung\public\index.php(45): CodeIgniter\CodeIgniter->run()
#8 C:\Users\sasmitobaguss\umkmTanjung\vendor\codeigniter4\framework\system\Commands\Server\rewrite.php(34): require_once('C:\\Users\\sasmit...')
#9 {main}
CRITICAL - 2020-12-07 01:03:49 --> syntax error, unexpected ''required'' (T_CONSTANT_ENCAPSED_STRING), expecting ']'
#0 C:\Users\sasmitobaguss\umkmTanjung\vendor\codeigniter4\framework\system\Autoloader\Autoloader.php(296): CodeIgniter\Autoloader\Autoloader->requireFile('C:\\Users\\sasmit...')
#1 C:\Users\sasmitobaguss\umkmTanjung\vendor\codeigniter4\framework\system\Autoloader\Autoloader.php(258): CodeIgniter\Autoloader\Autoloader->loadInNamespace('App\\Controllers...')
#2 [internal function]: CodeIgniter\Autoloader\Autoloader->loadClass('App\\Controllers...')
#3 [internal function]: spl_autoload_call('App\\Controllers...')
#4 C:\Users\sasmitobaguss\umkmTanjung\vendor\codeigniter4\framework\system\CodeIgniter.php(869): class_exists('\\App\\Controller...', true)
#5 C:\Users\sasmitobaguss\umkmTanjung\vendor\codeigniter4\framework\system\CodeIgniter.php(394): CodeIgniter\CodeIgniter->startController()
#6 C:\Users\sasmitobaguss\umkmTanjung\vendor\codeigniter4\framework\system\CodeIgniter.php(312): CodeIgniter\CodeIgniter->handleRequest(NULL, Object(Config\Cache), false)
#7 C:\Users\sasmitobaguss\umkmTanjung\public\index.php(45): CodeIgniter\CodeIgniter->run()
#8 C:\Users\sasmitobaguss\umkmTanjung\vendor\codeigniter4\framework\system\Commands\Server\rewrite.php(34): require_once('C:\\Users\\sasmit...')
#9 {main}
CRITICAL - 2020-12-07 01:03:51 --> syntax error, unexpected ''required'' (T_CONSTANT_ENCAPSED_STRING), expecting ']'
#0 C:\Users\sasmitobaguss\umkmTanjung\vendor\codeigniter4\framework\system\Autoloader\Autoloader.php(296): CodeIgniter\Autoloader\Autoloader->requireFile('C:\\Users\\sasmit...')
#1 C:\Users\sasmitobaguss\umkmTanjung\vendor\codeigniter4\framework\system\Autoloader\Autoloader.php(258): CodeIgniter\Autoloader\Autoloader->loadInNamespace('App\\Controllers...')
#2 [internal function]: CodeIgniter\Autoloader\Autoloader->loadClass('App\\Controllers...')
#3 [internal function]: spl_autoload_call('App\\Controllers...')
#4 C:\Users\sasmitobaguss\umkmTanjung\vendor\codeigniter4\framework\system\CodeIgniter.php(869): class_exists('\\App\\Controller...', true)
#5 C:\Users\sasmitobaguss\umkmTanjung\vendor\codeigniter4\framework\system\CodeIgniter.php(394): CodeIgniter\CodeIgniter->startController()
#6 C:\Users\sasmitobaguss\umkmTanjung\vendor\codeigniter4\framework\system\CodeIgniter.php(312): CodeIgniter\CodeIgniter->handleRequest(NULL, Object(Config\Cache), false)
#7 C:\Users\sasmitobaguss\umkmTanjung\public\index.php(45): CodeIgniter\CodeIgniter->run()
#8 C:\Users\sasmitobaguss\umkmTanjung\vendor\codeigniter4\framework\system\Commands\Server\rewrite.php(34): require_once('C:\\Users\\sasmit...')
#9 {main}
CRITICAL - 2020-12-07 01:03:52 --> syntax error, unexpected ''required'' (T_CONSTANT_ENCAPSED_STRING), expecting ']'
#0 C:\Users\sasmitobaguss\umkmTanjung\vendor\codeigniter4\framework\system\Autoloader\Autoloader.php(296): CodeIgniter\Autoloader\Autoloader->requireFile('C:\\Users\\sasmit...')
#1 C:\Users\sasmitobaguss\umkmTanjung\vendor\codeigniter4\framework\system\Autoloader\Autoloader.php(258): CodeIgniter\Autoloader\Autoloader->loadInNamespace('App\\Controllers...')
#2 [internal function]: CodeIgniter\Autoloader\Autoloader->loadClass('App\\Controllers...')
#3 [internal function]: spl_autoload_call('App\\Controllers...')
#4 C:\Users\sasmitobaguss\umkmTanjung\vendor\codeigniter4\framework\system\CodeIgniter.php(869): class_exists('\\App\\Controller...', true)
#5 C:\Users\sasmitobaguss\umkmTanjung\vendor\codeigniter4\framework\system\CodeIgniter.php(394): CodeIgniter\CodeIgniter->startController()
#6 C:\Users\sasmitobaguss\umkmTanjung\vendor\codeigniter4\framework\system\CodeIgniter.php(312): CodeIgniter\CodeIgniter->handleRequest(NULL, Object(Config\Cache), false)
#7 C:\Users\sasmitobaguss\umkmTanjung\public\index.php(45): CodeIgniter\CodeIgniter->run()
#8 C:\Users\sasmitobaguss\umkmTanjung\vendor\codeigniter4\framework\system\Commands\Server\rewrite.php(34): require_once('C:\\Users\\sasmit...')
#9 {main}
CRITICAL - 2020-12-07 14:48:53 --> syntax error, unexpected 'endforeach' (T_ENDFOREACH), expecting end of file
#0 C:\Users\sasmitobaguss\umkmTanjung\vendor\codeigniter4\framework\system\Common.php(1119): CodeIgniter\View\View->render('sistem/agenda', Array, true)
#1 C:\Users\sasmitobaguss\umkmTanjung\app\Controllers\Sistem.php(383): view('sistem/agenda', Array)
#2 C:\Users\sasmitobaguss\umkmTanjung\vendor\codeigniter4\framework\system\CodeIgniter.php(918): App\Controllers\Sistem->agenda()
#3 C:\Users\sasmitobaguss\umkmTanjung\vendor\codeigniter4\framework\system\CodeIgniter.php(404): CodeIgniter\CodeIgniter->runController(Object(App\Controllers\Sistem))
#4 C:\Users\sasmitobaguss\umkmTanjung\vendor\codeigniter4\framework\system\CodeIgniter.php(312): CodeIgniter\CodeIgniter->handleRequest(NULL, Object(Config\Cache), false)
#5 C:\Users\sasmitobaguss\umkmTanjung\public\index.php(45): CodeIgniter\CodeIgniter->run()
#6 C:\Users\sasmitobaguss\umkmTanjung\vendor\codeigniter4\framework\system\Commands\Server\rewrite.php(34): require_once('C:\\Users\\sasmit...')
#7 {main}
CRITICAL - 2020-12-07 14:49:39 --> Column 'agenda' cannot be null
#0 C:\Users\sasmitobaguss\umkmTanjung\vendor\codeigniter4\framework\system\Database\MySQLi\Connection.php(331): mysqli->query('INSERT INTO `ag...')
#1 C:\Users\sasmitobaguss\umkmTanjung\vendor\codeigniter4\framework\system\Database\BaseConnection.php(741): CodeIgniter\Database\MySQLi\Connection->execute('INSERT INTO `ag...')
#2 C:\Users\sasmitobaguss\umkmTanjung\vendor\codeigniter4\framework\system\Database\BaseConnection.php(669): CodeIgniter\Database\BaseConnection->simpleQuery('INSERT INTO `ag...')
#3 C:\Users\sasmitobaguss\umkmTanjung\vendor\codeigniter4\framework\system\Database\BaseBuilder.php(2249): CodeIgniter\Database\BaseConnection->query('INSERT INTO `ag...', Array, false)
#4 C:\Users\sasmitobaguss\umkmTanjung\vendor\codeigniter4\framework\system\Model.php(755): CodeIgniter\Database\BaseBuilder->insert()
#5 C:\Users\sasmitobaguss\umkmTanjung\vendor\codeigniter4\framework\system\Model.php(574): CodeIgniter\Model->insert(Array, false)
#6 C:\Users\sasmitobaguss\umkmTanjung\app\Controllers\Sistem.php(442): CodeIgniter\Model->save(Array)
#7 C:\Users\sasmitobaguss\umkmTanjung\vendor\codeigniter4\framework\system\CodeIgniter.php(918): App\Controllers\Sistem->agendatambahdb()
#8 C:\Users\sasmitobaguss\umkmTanjung\vendor\codeigniter4\framework\system\CodeIgniter.php(404): CodeIgniter\CodeIgniter->runController(Object(App\Controllers\Sistem))
#9 C:\Users\sasmitobaguss\umkmTanjung\vendor\codeigniter4\framework\system\CodeIgniter.php(312): CodeIgniter\CodeIgniter->handleRequest(NULL, Object(Config\Cache), false)
#10 C:\Users\sasmitobaguss\umkmTanjung\public\index.php(45): CodeIgniter\CodeIgniter->run()
#11 C:\Users\sasmitobaguss\umkmTanjung\vendor\codeigniter4\framework\system\Commands\Server\rewrite.php(34): require_once('C:\\Users\\sasmit...')
#12 {main}
CRITICAL - 2020-12-07 15:00:58 --> date_format() expects parameter 1 to be DateTimeInterface, string given
#0 [internal function]: CodeIgniter\Debug\Exceptions->errorHandler(2, 'date_format() e...', 'C:\\Users\\sasmit...', 45, Array)
#1 C:\Users\sasmitobaguss\umkmTanjung\app\Views\sistem\agenda.php(45): date_format('2020-12-07 14:5...', 'l:f:y')
#2 C:\Users\sasmitobaguss\umkmTanjung\vendor\codeigniter4\framework\system\View\View.php(246): include('C:\\Users\\sasmit...')
#3 C:\Users\sasmitobaguss\umkmTanjung\vendor\codeigniter4\framework\system\Common.php(1119): CodeIgniter\View\View->render('sistem/agenda', Array, true)
#4 C:\Users\sasmitobaguss\umkmTanjung\app\Controllers\Sistem.php(383): view('sistem/agenda', Array)
#5 C:\Users\sasmitobaguss\umkmTanjung\vendor\codeigniter4\framework\system\CodeIgniter.php(918): App\Controllers\Sistem->agenda()
#6 C:\Users\sasmitobaguss\umkmTanjung\vendor\codeigniter4\framework\system\CodeIgniter.php(404): CodeIgniter\CodeIgniter->runController(Object(App\Controllers\Sistem))
#7 C:\Users\sasmitobaguss\umkmTanjung\vendor\codeigniter4\framework\system\CodeIgniter.php(312): CodeIgniter\CodeIgniter->handleRequest(NULL, Object(Config\Cache), false)
#8 C:\Users\sasmitobaguss\umkmTanjung\public\index.php(45): CodeIgniter\CodeIgniter->run()
#9 C:\Users\sasmitobaguss\umkmTanjung\vendor\codeigniter4\framework\system\Commands\Server\rewrite.php(34): require_once('C:\\Users\\sasmit...')
#10 {main}
CRITICAL - 2020-12-07 15:01:39 --> date_format() expects parameter 1 to be DateTimeInterface, string given
#0 [internal function]: CodeIgniter\Debug\Exceptions->errorHandler(2, 'date_format() e...', 'C:\\Users\\sasmit...', 45, Array)
#1 C:\Users\sasmitobaguss\umkmTanjung\app\Views\sistem\agenda.php(45): date_format('2020-12-01', 'l:f:y')
#2 C:\Users\sasmitobaguss\umkmTanjung\vendor\codeigniter4\framework\system\View\View.php(246): include('C:\\Users\\sasmit...')
#3 C:\Users\sasmitobaguss\umkmTanjung\vendor\codeigniter4\framework\system\Common.php(1119): CodeIgniter\View\View->render('sistem/agenda', Array, true)
#4 C:\Users\sasmitobaguss\umkmTanjung\app\Controllers\Sistem.php(383): view('sistem/agenda', Array)
#5 C:\Users\sasmitobaguss\umkmTanjung\vendor\codeigniter4\framework\system\CodeIgniter.php(918): App\Controllers\Sistem->agenda()
#6 C:\Users\sasmitobaguss\umkmTanjung\vendor\codeigniter4\framework\system\CodeIgniter.php(404): CodeIgniter\CodeIgniter->runController(Object(App\Controllers\Sistem))
#7 C:\Users\sasmitobaguss\umkmTanjung\vendor\codeigniter4\framework\system\CodeIgniter.php(312): CodeIgniter\CodeIgniter->handleRequest(NULL, Object(Config\Cache), false)
#8 C:\Users\sasmitobaguss\umkmTanjung\public\index.php(45): CodeIgniter\CodeIgniter->run()
#9 C:\Users\sasmitobaguss\umkmTanjung\vendor\codeigniter4\framework\system\Commands\Server\rewrite.php(34): require_once('C:\\Users\\sasmit...')
#10 {main}
CRITICAL - 2020-12-07 15:02:17 --> date_format() expects parameter 1 to be DateTimeInterface, string given
#0 [internal function]: CodeIgniter\Debug\Exceptions->errorHandler(2, 'date_format() e...', 'C:\\Users\\sasmit...', 45, Array)
#1 C:\Users\sasmitobaguss\umkmTanjung\app\Views\sistem\agenda.php(45): date_format('2020-12-01', 'Y-m-d H:i:s')
#2 C:\Users\sasmitobaguss\umkmTanjung\vendor\codeigniter4\framework\system\View\View.php(246): include('C:\\Users\\sasmit...')
#3 C:\Users\sasmitobaguss\umkmTanjung\vendor\codeigniter4\framework\system\Common.php(1119): CodeIgniter\View\View->render('sistem/agenda', Array, true)
#4 C:\Users\sasmitobaguss\umkmTanjung\app\Controllers\Sistem.php(383): view('sistem/agenda', Array)
#5 C:\Users\sasmitobaguss\umkmTanjung\vendor\codeigniter4\framework\system\CodeIgniter.php(918): App\Controllers\Sistem->agenda()
#6 C:\Users\sasmitobaguss\umkmTanjung\vendor\codeigniter4\framework\system\CodeIgniter.php(404): CodeIgniter\CodeIgniter->runController(Object(App\Controllers\Sistem))
#7 C:\Users\sasmitobaguss\umkmTanjung\vendor\codeigniter4\framework\system\CodeIgniter.php(312): CodeIgniter\CodeIgniter->handleRequest(NULL, Object(Config\Cache), false)
#8 C:\Users\sasmitobaguss\umkmTanjung\public\index.php(45): CodeIgniter\CodeIgniter->run()
#9 C:\Users\sasmitobaguss\umkmTanjung\vendor\codeigniter4\framework\system\Commands\Server\rewrite.php(34): require_once('C:\\Users\\sasmit...')
#10 {main}
CRITICAL - 2020-12-07 15:03:48 --> date_format() expects parameter 1 to be DateTimeInterface, string given
#0 [internal function]: CodeIgniter\Debug\Exceptions->errorHandler(2, 'date_format() e...', 'C:\\Users\\sasmit...', 45, Array)
#1 C:\Users\sasmitobaguss\umkmTanjung\app\Views\sistem\agenda.php(45): date_format('2020-12-01', 'y/m/l')
#2 C:\Users\sasmitobaguss\umkmTanjung\vendor\codeigniter4\framework\system\View\View.php(246): include('C:\\Users\\sasmit...')
#3 C:\Users\sasmitobaguss\umkmTanjung\vendor\codeigniter4\framework\system\Common.php(1119): CodeIgniter\View\View->render('sistem/agenda', Array, true)
#4 C:\Users\sasmitobaguss\umkmTanjung\app\Controllers\Sistem.php(383): view('sistem/agenda', Array)
#5 C:\Users\sasmitobaguss\umkmTanjung\vendor\codeigniter4\framework\system\CodeIgniter.php(918): App\Controllers\Sistem->agenda()
#6 C:\Users\sasmitobaguss\umkmTanjung\vendor\codeigniter4\framework\system\CodeIgniter.php(404): CodeIgniter\CodeIgniter->runController(Object(App\Controllers\Sistem))
#7 C:\Users\sasmitobaguss\umkmTanjung\vendor\codeigniter4\framework\system\CodeIgniter.php(312): CodeIgniter\CodeIgniter->handleRequest(NULL, Object(Config\Cache), false)
#8 C:\Users\sasmitobaguss\umkmTanjung\public\index.php(45): CodeIgniter\CodeIgniter->run()
#9 C:\Users\sasmitobaguss\umkmTanjung\vendor\codeigniter4\framework\system\Commands\Server\rewrite.php(34): require_once('C:\\Users\\sasmit...')
#10 {main}
CRITICAL - 2020-12-07 15:16:43 --> Undefined variable: date_create
#0 C:\Users\sasmitobaguss\umkmTanjung\app\Views\sistem\agenda.php(40): CodeIgniter\Debug\Exceptions->errorHandler(8, 'Undefined varia...', 'C:\\Users\\sasmit...', 40, Array)
#1 C:\Users\sasmitobaguss\umkmTanjung\vendor\codeigniter4\framework\system\View\View.php(246): include('C:\\Users\\sasmit...')
#2 C:\Users\sasmitobaguss\umkmTanjung\vendor\codeigniter4\framework\system\Common.php(1119): CodeIgniter\View\View->render('sistem/agenda', Array, true)
#3 C:\Users\sasmitobaguss\umkmTanjung\app\Controllers\Sistem.php(383): view('sistem/agenda', Array)
#4 C:\Users\sasmitobaguss\umkmTanjung\vendor\codeigniter4\framework\system\CodeIgniter.php(918): App\Controllers\Sistem->agenda()
#5 C:\Users\sasmitobaguss\umkmTanjung\vendor\codeigniter4\framework\system\CodeIgniter.php(404): CodeIgniter\CodeIgniter->runController(Object(App\Controllers\Sistem))
#6 C:\Users\sasmitobaguss\umkmTanjung\vendor\codeigniter4\framework\system\CodeIgniter.php(312): CodeIgniter\CodeIgniter->handleRequest(NULL, Object(Config\Cache), false)
#7 C:\Users\sasmitobaguss\umkmTanjung\public\index.php(45): CodeIgniter\CodeIgniter->run()
#8 C:\Users\sasmitobaguss\umkmTanjung\vendor\codeigniter4\framework\system\Commands\Server\rewrite.php(34): require_once('C:\\Users\\sasmit...')
#9 {main}
CRITICAL - 2020-12-07 03:02:26 --> syntax error, unexpected 'findAll' (T_STRING), expecting ']'
#0 C:\Users\sasmitobaguss\umkmTanjung\vendor\codeigniter4\framework\system\Router\Router.php(195): CodeIgniter\Router\Router->autoRoute('sistem')
#1 C:\Users\sasmitobaguss\umkmTanjung\vendor\codeigniter4\framework\system\CodeIgniter.php(793): CodeIgniter\Router\Router->handle('sistem')
#2 C:\Users\sasmitobaguss\umkmTanjung\vendor\codeigniter4\framework\system\CodeIgniter.php(364): CodeIgniter\CodeIgniter->tryToRouteIt(Object(CodeIgniter\Router\RouteCollection))
#3 C:\Users\sasmitobaguss\umkmTanjung\vendor\codeigniter4\framework\system\CodeIgniter.php(312): CodeIgniter\CodeIgniter->handleRequest(NULL, Object(Config\Cache), false)
#4 C:\Users\sasmitobaguss\umkmTanjung\public\index.php(45): CodeIgniter\CodeIgniter->run()
#5 C:\Users\sasmitobaguss\umkmTanjung\vendor\codeigniter4\framework\system\Commands\Server\rewrite.php(34): require_once('C:\\Users\\sasmit...')
#6 {main}
CRITICAL - 2020-12-07 16:02:38 --> Object of class DateTime could not be converted to string
#0 [internal function]: CodeIgniter\Debug\Exceptions->errorHandler(4096, 'Object of class...', 'C:\\Users\\sasmit...', 443, Array)
#1 C:\Users\sasmitobaguss\umkmTanjung\vendor\codeigniter4\framework\system\Database\Query.php(443): strtr('SELECT *\nFROM `...', Array)
#2 C:\Users\sasmitobaguss\umkmTanjung\vendor\codeigniter4\framework\system\Database\Query.php(404): CodeIgniter\Database\Query->matchNamedBinds('SELECT *\nFROM `...', Array)
#3 C:\Users\sasmitobaguss\umkmTanjung\vendor\codeigniter4\framework\system\Database\Query.php(197): CodeIgniter\Database\Query->compileBinds()
#4 C:\Users\sasmitobaguss\umkmTanjung\vendor\codeigniter4\framework\system\Database\BaseConnection.php(669): CodeIgniter\Database\Query->getQuery()
#5 C:\Users\sasmitobaguss\umkmTanjung\vendor\codeigniter4\framework\system\Database\BaseBuilder.php(1860): CodeIgniter\Database\BaseConnection->query('SELECT *\nFROM `...', Array, false)
#6 C:\Users\sasmitobaguss\umkmTanjung\vendor\codeigniter4\framework\system\Model.php(462): CodeIgniter\Database\BaseBuilder->get()
#7 C:\Users\sasmitobaguss\umkmTanjung\app\Controllers\Sistem.php(31): CodeIgniter\Model->findAll()
#8 C:\Users\sasmitobaguss\umkmTanjung\vendor\codeigniter4\framework\system\CodeIgniter.php(918): App\Controllers\Sistem->index()
#9 C:\Users\sasmitobaguss\umkmTanjung\vendor\codeigniter4\framework\system\CodeIgniter.php(404): CodeIgniter\CodeIgniter->runController(Object(App\Controllers\Sistem))
#10 C:\Users\sasmitobaguss\umkmTanjung\vendor\codeigniter4\framework\system\CodeIgniter.php(312): CodeIgniter\CodeIgniter->handleRequest(NULL, Object(Config\Cache), false)
#11 C:\Users\sasmitobaguss\umkmTanjung\public\index.php(45): CodeIgniter\CodeIgniter->run()
#12 C:\Users\sasmitobaguss\umkmTanjung\vendor\codeigniter4\framework\system\Commands\Server\rewrite.php(34): require_once('C:\\Users\\sasmit...')
#13 {main}
CRITICAL - 2020-12-07 16:03:12 --> Undefined variable: img
#0 C:\Users\sasmitobaguss\umkmTanjung\app\Views\sistem\dashboard.php(60): CodeIgniter\Debug\Exceptions->errorHandler(8, 'Undefined varia...', 'C:\\Users\\sasmit...', 60, Array)
#1 C:\Users\sasmitobaguss\umkmTanjung\vendor\codeigniter4\framework\system\View\View.php(246): include('C:\\Users\\sasmit...')
#2 C:\Users\sasmitobaguss\umkmTanjung\vendor\codeigniter4\framework\system\Common.php(1119): CodeIgniter\View\View->render('sistem/dashboar...', Array, true)
#3 C:\Users\sasmitobaguss\umkmTanjung\app\Controllers\Sistem.php(36): view('sistem/dashboar...', Array)
#4 C:\Users\sasmitobaguss\umkmTanjung\vendor\codeigniter4\framework\system\CodeIgniter.php(918): App\Controllers\Sistem->index()
#5 C:\Users\sasmitobaguss\umkmTanjung\vendor\codeigniter4\framework\system\CodeIgniter.php(404): CodeIgniter\CodeIgniter->runController(Object(App\Controllers\Sistem))
#6 C:\Users\sasmitobaguss\umkmTanjung\vendor\codeigniter4\framework\system\CodeIgniter.php(312): CodeIgniter\CodeIgniter->handleRequest(NULL, Object(Config\Cache), false)
#7 C:\Users\sasmitobaguss\umkmTanjung\public\index.php(45): CodeIgniter\CodeIgniter->run()
#8 C:\Users\sasmitobaguss\umkmTanjung\vendor\codeigniter4\framework\system\Commands\Server\rewrite.php(34): require_once('C:\\Users\\sasmit...')
#9 {main}
CRITICAL - 2020-12-07 16:05:02 --> syntax error, unexpected '?>'
#0 C:\Users\sasmitobaguss\umkmTanjung\vendor\codeigniter4\framework\system\Common.php(1119): CodeIgniter\View\View->render('sistem/dashboar...', Array, true)
#1 C:\Users\sasmitobaguss\umkmTanjung\app\Controllers\Sistem.php(36): view('sistem/dashboar...', Array)
#2 C:\Users\sasmitobaguss\umkmTanjung\vendor\codeigniter4\framework\system\CodeIgniter.php(918): App\Controllers\Sistem->index()
#3 C:\Users\sasmitobaguss\umkmTanjung\vendor\codeigniter4\framework\system\CodeIgniter.php(404): CodeIgniter\CodeIgniter->runController(Object(App\Controllers\Sistem))
#4 C:\Users\sasmitobaguss\umkmTanjung\vendor\codeigniter4\framework\system\CodeIgniter.php(312): CodeIgniter\CodeIgniter->handleRequest(NULL, Object(Config\Cache), false)
#5 C:\Users\sasmitobaguss\umkmTanjung\public\index.php(45): CodeIgniter\CodeIgniter->run()
#6 C:\Users\sasmitobaguss\umkmTanjung\vendor\codeigniter4\framework\system\Commands\Server\rewrite.php(34): require_once('C:\\Users\\sasmit...')
#7 {main}
CRITICAL - 2020-12-07 16:05:18 --> syntax error, unexpected '?>'
#0 C:\Users\sasmitobaguss\umkmTanjung\vendor\codeigniter4\framework\system\Common.php(1119): CodeIgniter\View\View->render('sistem/dashboar...', Array, true)
#1 C:\Users\sasmitobaguss\umkmTanjung\app\Controllers\Sistem.php(36): view('sistem/dashboar...', Array)
#2 C:\Users\sasmitobaguss\umkmTanjung\vendor\codeigniter4\framework\system\CodeIgniter.php(918): App\Controllers\Sistem->index()
#3 C:\Users\sasmitobaguss\umkmTanjung\vendor\codeigniter4\framework\system\CodeIgniter.php(404): CodeIgniter\CodeIgniter->runController(Object(App\Controllers\Sistem))
#4 C:\Users\sasmitobaguss\umkmTanjung\vendor\codeigniter4\framework\system\CodeIgniter.php(312): CodeIgniter\CodeIgniter->handleRequest(NULL, Object(Config\Cache), false)
#5 C:\Users\sasmitobaguss\umkmTanjung\public\index.php(45): CodeIgniter\CodeIgniter->run()
#6 C:\Users\sasmitobaguss\umkmTanjung\vendor\codeigniter4\framework\system\Commands\Server\rewrite.php(34): require_once('C:\\Users\\sasmit...')
#7 {main}
CRITICAL - 2020-12-07 16:05:25 --> Undefined variable: adenda
#0 C:\Users\sasmitobaguss\umkmTanjung\app\Views\sistem\dashboard.php(65): CodeIgniter\Debug\Exceptions->errorHandler(8, 'Undefined varia...', 'C:\\Users\\sasmit...', 65, Array)
#1 C:\Users\sasmitobaguss\umkmTanjung\vendor\codeigniter4\framework\system\View\View.php(246): include('C:\\Users\\sasmit...')
#2 C:\Users\sasmitobaguss\umkmTanjung\vendor\codeigniter4\framework\system\Common.php(1119): CodeIgniter\View\View->render('sistem/dashboar...', Array, true)
#3 C:\Users\sasmitobaguss\umkmTanjung\app\Controllers\Sistem.php(36): view('sistem/dashboar...', Array)
#4 C:\Users\sasmitobaguss\umkmTanjung\vendor\codeigniter4\framework\system\CodeIgniter.php(918): App\Controllers\Sistem->index()
#5 C:\Users\sasmitobaguss\umkmTanjung\vendor\codeigniter4\framework\system\CodeIgniter.php(404): CodeIgniter\CodeIgniter->runController(Object(App\Controllers\Sistem))
#6 C:\Users\sasmitobaguss\umkmTanjung\vendor\codeigniter4\framework\system\CodeIgniter.php(312): CodeIgniter\CodeIgniter->handleRequest(NULL, Object(Config\Cache), false)
#7 C:\Users\sasmitobaguss\umkmTanjung\public\index.php(45): CodeIgniter\CodeIgniter->run()
#8 C:\Users\sasmitobaguss\umkmTanjung\vendor\codeigniter4\framework\system\Commands\Server\rewrite.php(34): require_once('C:\\Users\\sasmit...')
#9 {main}
CRITICAL - 2020-12-07 16:20:08 --> Undefined variable: im
#0 C:\Users\sasmitobaguss\umkmTanjung\app\Views\sistem\dashboard.php(68): CodeIgniter\Debug\Exceptions->errorHandler(8, 'Undefined varia...', 'C:\\Users\\sasmit...', 68, Array)
#1 C:\Users\sasmitobaguss\umkmTanjung\vendor\codeigniter4\framework\system\View\View.php(246): include('C:\\Users\\sasmit...')
#2 C:\Users\sasmitobaguss\umkmTanjung\vendor\codeigniter4\framework\system\Common.php(1119): CodeIgniter\View\View->render('sistem/dashboar...', Array, true)
#3 C:\Users\sasmitobaguss\umkmTanjung\app\Controllers\Sistem.php(36): view('sistem/dashboar...', Array)
#4 C:\Users\sasmitobaguss\umkmTanjung\vendor\codeigniter4\framework\system\CodeIgniter.php(918): App\Controllers\Sistem->index()
#5 C:\Users\sasmitobaguss\umkmTanjung\vendor\codeigniter4\framework\system\CodeIgniter.php(404): CodeIgniter\CodeIgniter->runController(Object(App\Controllers\Sistem))
#6 C:\Users\sasmitobaguss\umkmTanjung\vendor\codeigniter4\framework\system\CodeIgniter.php(312): CodeIgniter\CodeIgniter->handleRequest(NULL, Object(Config\Cache), false)
#7 C:\Users\sasmitobaguss\umkmTanjung\public\index.php(45): CodeIgniter\CodeIgniter->run()
#8 C:\Users\sasmitobaguss\umkmTanjung\vendor\codeigniter4\framework\system\Commands\Server\rewrite.php(34): require_once('C:\\Users\\sasmit...')
#9 {main}
CRITICAL - 2020-12-07 16:21:01 --> Undefined variable: im
#0 C:\Users\sasmitobaguss\umkmTanjung\app\Views\sistem\dashboard.php(67): CodeIgniter\Debug\Exceptions->errorHandler(8, 'Undefined varia...', 'C:\\Users\\sasmit...', 67, Array)
#1 C:\Users\sasmitobaguss\umkmTanjung\vendor\codeigniter4\framework\system\View\View.php(246): include('C:\\Users\\sasmit...')
#2 C:\Users\sasmitobaguss\umkmTanjung\vendor\codeigniter4\framework\system\Common.php(1119): CodeIgniter\View\View->render('sistem/dashboar...', Array, true)
#3 C:\Users\sasmitobaguss\umkmTanjung\app\Controllers\Sistem.php(36): view('sistem/dashboar...', Array)
#4 C:\Users\sasmitobaguss\umkmTanjung\vendor\codeigniter4\framework\system\CodeIgniter.php(918): App\Controllers\Sistem->index()
#5 C:\Users\sasmitobaguss\umkmTanjung\vendor\codeigniter4\framework\system\CodeIgniter.php(404): CodeIgniter\CodeIgniter->runController(Object(App\Controllers\Sistem))
#6 C:\Users\sasmitobaguss\umkmTanjung\vendor\codeigniter4\framework\system\CodeIgniter.php(312): CodeIgniter\CodeIgniter->handleRequest(NULL, Object(Config\Cache), false)
#7 C:\Users\sasmitobaguss\umkmTanjung\public\index.php(45): CodeIgniter\CodeIgniter->run()
#8 C:\Users\sasmitobaguss\umkmTanjung\vendor\codeigniter4\framework\system\Commands\Server\rewrite.php(34): require_once('C:\\Users\\sasmit...')
#9 {main}
CRITICAL - 2020-12-07 16:24:16 --> You have an error in your SQL syntax; check the manual that corresponds to your MariaDB server version for the right syntax to use near '> '2020/12/07'' at line 3
#0 C:\Users\sasmitobaguss\umkmTanjung\vendor\codeigniter4\framework\system\Database\MySQLi\Connection.php(331): mysqli->query('SELECT *\nFROM `...')
#1 C:\Users\sasmitobaguss\umkmTanjung\vendor\codeigniter4\framework\system\Database\BaseConnection.php(741): CodeIgniter\Database\MySQLi\Connection->execute('SELECT *\nFROM `...')
#2 C:\Users\sasmitobaguss\umkmTanjung\vendor\codeigniter4\framework\system\Database\BaseConnection.php(669): CodeIgniter\Database\BaseConnection->simpleQuery('SELECT *\nFROM `...')
#3 C:\Users\sasmitobaguss\umkmTanjung\vendor\codeigniter4\framework\system\Database\BaseBuilder.php(1860): CodeIgniter\Database\BaseConnection->query('SELECT *\nFROM `...', Array, false)
#4 C:\Users\sasmitobaguss\umkmTanjung\vendor\codeigniter4\framework\system\Model.php(462): CodeIgniter\Database\BaseBuilder->get()
#5 C:\Users\sasmitobaguss\umkmTanjung\app\Controllers\Sistem.php(31): CodeIgniter\Model->findAll()
#6 C:\Users\sasmitobaguss\umkmTanjung\vendor\codeigniter4\framework\system\CodeIgniter.php(918): App\Controllers\Sistem->index()
#7 C:\Users\sasmitobaguss\umkmTanjung\vendor\codeigniter4\framework\system\CodeIgniter.php(404): CodeIgniter\CodeIgniter->runController(Object(App\Controllers\Sistem))
#8 C:\Users\sasmitobaguss\umkmTanjung\vendor\codeigniter4\framework\system\CodeIgniter.php(312): CodeIgniter\CodeIgniter->handleRequest(NULL, Object(Config\Cache), false)
#9 C:\Users\sasmitobaguss\umkmTanjung\public\index.php(45): CodeIgniter\CodeIgniter->run()
#10 C:\Users\sasmitobaguss\umkmTanjung\vendor\codeigniter4\framework\system\Commands\Server\rewrite.php(34): require_once('C:\\Users\\sasmit...')
#11 {main}
CRITICAL - 2020-12-07 16:25:17 --> You have an error in your SQL syntax; check the manual that corresponds to your MariaDB server version for the right syntax to use near '< '2020/12/07'' at line 3
#0 C:\Users\sasmitobaguss\umkmTanjung\vendor\codeigniter4\framework\system\Database\MySQLi\Connection.php(331): mysqli->query('SELECT *\nFROM `...')
#1 C:\Users\sasmitobaguss\umkmTanjung\vendor\codeigniter4\framework\system\Database\BaseConnection.php(741): CodeIgniter\Database\MySQLi\Connection->execute('SELECT *\nFROM `...')
#2 C:\Users\sasmitobaguss\umkmTanjung\vendor\codeigniter4\framework\system\Database\BaseConnection.php(669): CodeIgniter\Database\BaseConnection->simpleQuery('SELECT *\nFROM `...')
#3 C:\Users\sasmitobaguss\umkmTanjung\vendor\codeigniter4\framework\system\Database\BaseBuilder.php(1860): CodeIgniter\Database\BaseConnection->query('SELECT *\nFROM `...', Array, false)
#4 C:\Users\sasmitobaguss\umkmTanjung\vendor\codeigniter4\framework\system\Model.php(462): CodeIgniter\Database\BaseBuilder->get()
#5 C:\Users\sasmitobaguss\umkmTanjung\app\Controllers\Sistem.php(31): CodeIgniter\Model->findAll()
#6 C:\Users\sasmitobaguss\umkmTanjung\vendor\codeigniter4\framework\system\CodeIgniter.php(918): App\Controllers\Sistem->index()
#7 C:\Users\sasmitobaguss\umkmTanjung\vendor\codeigniter4\framework\system\CodeIgniter.php(404): CodeIgniter\CodeIgniter->runController(Object(App\Controllers\Sistem))
#8 C:\Users\sasmitobaguss\umkmTanjung\vendor\codeigniter4\framework\system\CodeIgniter.php(312): CodeIgniter\CodeIgniter->handleRequest(NULL, Object(Config\Cache), false)
#9 C:\Users\sasmitobaguss\umkmTanjung\public\index.php(45): CodeIgniter\CodeIgniter->run()
#10 C:\Users\sasmitobaguss\umkmTanjung\vendor\codeigniter4\framework\system\Commands\Server\rewrite.php(34): require_once('C:\\Users\\sasmit...')
#11 {main}
CRITICAL - 2020-12-07 16:25:32 --> You have an error in your SQL syntax; check the manual that corresponds to your MariaDB server version for the right syntax to use near '> '2020/12/07'' at line 3
#0 C:\Users\sasmitobaguss\umkmTanjung\vendor\codeigniter4\framework\system\Database\MySQLi\Connection.php(331): mysqli->query('SELECT *\nFROM `...')
#1 C:\Users\sasmitobaguss\umkmTanjung\vendor\codeigniter4\framework\system\Database\BaseConnection.php(741): CodeIgniter\Database\MySQLi\Connection->execute('SELECT *\nFROM `...')
#2 C:\Users\sasmitobaguss\umkmTanjung\vendor\codeigniter4\framework\system\Database\BaseConnection.php(669): CodeIgniter\Database\BaseConnection->simpleQuery('SELECT *\nFROM `...')
#3 C:\Users\sasmitobaguss\umkmTanjung\vendor\codeigniter4\framework\system\Database\BaseBuilder.php(1860): CodeIgniter\Database\BaseConnection->query('SELECT *\nFROM `...', Array, false)
#4 C:\Users\sasmitobaguss\umkmTanjung\vendor\codeigniter4\framework\system\Model.php(462): CodeIgniter\Database\BaseBuilder->get()
#5 C:\Users\sasmitobaguss\umkmTanjung\app\Controllers\Sistem.php(31): CodeIgniter\Model->findAll()
#6 C:\Users\sasmitobaguss\umkmTanjung\vendor\codeigniter4\framework\system\CodeIgniter.php(918): App\Controllers\Sistem->index()
#7 C:\Users\sasmitobaguss\umkmTanjung\vendor\codeigniter4\framework\system\CodeIgniter.php(404): CodeIgniter\CodeIgniter->runController(Object(App\Controllers\Sistem))
#8 C:\Users\sasmitobaguss\umkmTanjung\vendor\codeigniter4\framework\system\CodeIgniter.php(312): CodeIgniter\CodeIgniter->handleRequest(NULL, Object(Config\Cache), false)
#9 C:\Users\sasmitobaguss\umkmTanjung\public\index.php(45): CodeIgniter\CodeIgniter->run()
#10 C:\Users\sasmitobaguss\umkmTanjung\vendor\codeigniter4\framework\system\Commands\Server\rewrite.php(34): require_once('C:\\Users\\sasmit...')
#11 {main}
CRITICAL - 2020-12-07 16:42:24 --> syntax error, unexpected '?>', expecting ',' or ')'
#0 C:\Users\sasmitobaguss\umkmTanjung\vendor\codeigniter4\framework\system\Common.php(1119): CodeIgniter\View\View->render('sistem/gambar', Array, true)
#1 C:\Users\sasmitobaguss\umkmTanjung\app\Controllers\Sistem.php(469): view('sistem/gambar', Array)
#2 C:\Users\sasmitobaguss\umkmTanjung\vendor\codeigniter4\framework\system\CodeIgniter.php(918): App\Controllers\Sistem->gambar()
#3 C:\Users\sasmitobaguss\umkmTanjung\vendor\codeigniter4\framework\system\CodeIgniter.php(404): CodeIgniter\CodeIgniter->runController(Object(App\Controllers\Sistem))
#4 C:\Users\sasmitobaguss\umkmTanjung\vendor\codeigniter4\framework\system\CodeIgniter.php(312): CodeIgniter\CodeIgniter->handleRequest(NULL, Object(Config\Cache), false)
#5 C:\Users\sasmitobaguss\umkmTanjung\public\index.php(45): CodeIgniter\CodeIgniter->run()
#6 C:\Users\sasmitobaguss\umkmTanjung\vendor\codeigniter4\framework\system\Commands\Server\rewrite.php(34): require_once('C:\\Users\\sasmit...')
#7 {main}
CRITICAL - 2020-12-07 16:56:54 --> Call to undefined function App\Controllers\CURDATE()
#0 C:\Users\sasmitobaguss\umkmTanjung\vendor\codeigniter4\framework\system\CodeIgniter.php(918): App\Controllers\Sistem->index()
#1 C:\Users\sasmitobaguss\umkmTanjung\vendor\codeigniter4\framework\system\CodeIgniter.php(404): CodeIgniter\CodeIgniter->runController(Object(App\Controllers\Sistem))
#2 C:\Users\sasmitobaguss\umkmTanjung\vendor\codeigniter4\framework\system\CodeIgniter.php(312): CodeIgniter\CodeIgniter->handleRequest(NULL, Object(Config\Cache), false)
#3 C:\Users\sasmitobaguss\umkmTanjung\public\index.php(45): CodeIgniter\CodeIgniter->run()
#4 C:\Users\sasmitobaguss\umkmTanjung\vendor\codeigniter4\framework\system\Commands\Server\rewrite.php(34): require_once('C:\\Users\\sasmit...')
#5 {main}
CRITICAL - 2020-12-07 16:57:22 --> Call to undefined function App\Controllers\now()
#0 C:\Users\sasmitobaguss\umkmTanjung\vendor\codeigniter4\framework\system\CodeIgniter.php(918): App\Controllers\Sistem->index()
#1 C:\Users\sasmitobaguss\umkmTanjung\vendor\codeigniter4\framework\system\CodeIgniter.php(404): CodeIgniter\CodeIgniter->runController(Object(App\Controllers\Sistem))
#2 C:\Users\sasmitobaguss\umkmTanjung\vendor\codeigniter4\framework\system\CodeIgniter.php(312): CodeIgniter\CodeIgniter->handleRequest(NULL, Object(Config\Cache), false)
#3 C:\Users\sasmitobaguss\umkmTanjung\public\index.php(45): CodeIgniter\CodeIgniter->run()
#4 C:\Users\sasmitobaguss\umkmTanjung\vendor\codeigniter4\framework\system\Commands\Server\rewrite.php(34): require_once('C:\\Users\\sasmit...')
#5 {main}
CRITICAL - 2020-12-07 16:57:32 --> Call to undefined function App\Controllers\now()
#0 C:\Users\sasmitobaguss\umkmTanjung\vendor\codeigniter4\framework\system\CodeIgniter.php(918): App\Controllers\Sistem->index()
#1 C:\Users\sasmitobaguss\umkmTanjung\vendor\codeigniter4\framework\system\CodeIgniter.php(404): CodeIgniter\CodeIgniter->runController(Object(App\Controllers\Sistem))
#2 C:\Users\sasmitobaguss\umkmTanjung\vendor\codeigniter4\framework\system\CodeIgniter.php(312): CodeIgniter\CodeIgniter->handleRequest(NULL, Object(Config\Cache), false)
#3 C:\Users\sasmitobaguss\umkmTanjung\public\index.php(45): CodeIgniter\CodeIgniter->run()
#4 C:\Users\sasmitobaguss\umkmTanjung\vendor\codeigniter4\framework\system\Commands\Server\rewrite.php(34): require_once('C:\\Users\\sasmit...')
#5 {main}
CRITICAL - 2020-12-07 16:58:52 --> Call to undefined function App\Controllers\NOW()
#0 C:\Users\sasmitobaguss\umkmTanjung\vendor\codeigniter4\framework\system\CodeIgniter.php(918): App\Controllers\Sistem->index()
#1 C:\Users\sasmitobaguss\umkmTanjung\vendor\codeigniter4\framework\system\CodeIgniter.php(404): CodeIgniter\CodeIgniter->runController(Object(App\Controllers\Sistem))
#2 C:\Users\sasmitobaguss\umkmTanjung\vendor\codeigniter4\framework\system\CodeIgniter.php(312): CodeIgniter\CodeIgniter->handleRequest(NULL, Object(Config\Cache), false)
#3 C:\Users\sasmitobaguss\umkmTanjung\public\index.php(45): CodeIgniter\CodeIgniter->run()
#4 C:\Users\sasmitobaguss\umkmTanjung\vendor\codeigniter4\framework\system\Commands\Server\rewrite.php(34): require_once('C:\\Users\\sasmit...')
#5 {main}
CRITICAL - 2020-12-07 04:00:03 --> Class 'App\Controllers\Time' not found
#0 C:\Users\sasmitobaguss\umkmTanjung\vendor\codeigniter4\framework\system\CodeIgniter.php(890): App\Controllers\Sistem->__construct()
#1 C:\Users\sasmitobaguss\umkmTanjung\vendor\codeigniter4\framework\system\CodeIgniter.php(399): CodeIgniter\CodeIgniter->createController()
#2 C:\Users\sasmitobaguss\umkmTanjung\vendor\codeigniter4\framework\system\CodeIgniter.php(312): CodeIgniter\CodeIgniter->handleRequest(NULL, Object(Config\Cache), false)
#3 C:\Users\sasmitobaguss\umkmTanjung\public\index.php(45): CodeIgniter\CodeIgniter->run()
#4 C:\Users\sasmitobaguss\umkmTanjung\vendor\codeigniter4\framework\system\Commands\Server\rewrite.php(34): require_once('C:\\Users\\sasmit...')
#5 {main}
CRITICAL - 2020-12-07 04:00:25 --> Class 'App\Controllers\Time' not found
#0 C:\Users\sasmitobaguss\umkmTanjung\vendor\codeigniter4\framework\system\CodeIgniter.php(891): App\Controllers\BaseController->initController(Object(CodeIgniter\HTTP\IncomingRequest), Object(CodeIgniter\HTTP\Response), Object(CodeIgniter\Log\Logger))
#1 C:\Users\sasmitobaguss\umkmTanjung\vendor\codeigniter4\framework\system\CodeIgniter.php(399): CodeIgniter\CodeIgniter->createController()
#2 C:\Users\sasmitobaguss\umkmTanjung\vendor\codeigniter4\framework\system\CodeIgniter.php(312): CodeIgniter\CodeIgniter->handleRequest(NULL, Object(Config\Cache), false)
#3 C:\Users\sasmitobaguss\umkmTanjung\public\index.php(45): CodeIgniter\CodeIgniter->run()
#4 C:\Users\sasmitobaguss\umkmTanjung\vendor\codeigniter4\framework\system\Commands\Server\rewrite.php(34): require_once('C:\\Users\\sasmit...')
#5 {main}
CRITICAL - 2020-12-07 17:01:13 --> Call to undefined function App\Controllers\NOW()
#0 C:\Users\sasmitobaguss\umkmTanjung\vendor\codeigniter4\framework\system\CodeIgniter.php(918): App\Controllers\Sistem->index()
#1 C:\Users\sasmitobaguss\umkmTanjung\vendor\codeigniter4\framework\system\CodeIgniter.php(404): CodeIgniter\CodeIgniter->runController(Object(App\Controllers\Sistem))
#2 C:\Users\sasmitobaguss\umkmTanjung\vendor\codeigniter4\framework\system\CodeIgniter.php(312): CodeIgniter\CodeIgniter->handleRequest(NULL, Object(Config\Cache), false)
#3 C:\Users\sasmitobaguss\umkmTanjung\public\index.php(45): CodeIgniter\CodeIgniter->run()
#4 C:\Users\sasmitobaguss\umkmTanjung\vendor\codeigniter4\framework\system\Commands\Server\rewrite.php(34): require_once('C:\\Users\\sasmit...')
#5 {main}
CRITICAL - 2020-12-07 17:02:12 --> Undefined variable: myTime
#0 C:\Users\sasmitobaguss\umkmTanjung\app\Controllers\Sistem.php(32): CodeIgniter\Debug\Exceptions->errorHandler(8, 'Undefined varia...', 'C:\\Users\\sasmit...', 32, Array)
#1 C:\Users\sasmitobaguss\umkmTanjung\vendor\codeigniter4\framework\system\CodeIgniter.php(918): App\Controllers\Sistem->index()
#2 C:\Users\sasmitobaguss\umkmTanjung\vendor\codeigniter4\framework\system\CodeIgniter.php(404): CodeIgniter\CodeIgniter->runController(Object(App\Controllers\Sistem))
#3 C:\Users\sasmitobaguss\umkmTanjung\vendor\codeigniter4\framework\system\CodeIgniter.php(312): CodeIgniter\CodeIgniter->handleRequest(NULL, Object(Config\Cache), false)
#4 C:\Users\sasmitobaguss\umkmTanjung\public\index.php(45): CodeIgniter\CodeIgniter->run()
#5 C:\Users\sasmitobaguss\umkmTanjung\vendor\codeigniter4\framework\system\Commands\Server\rewrite.php(34): require_once('C:\\Users\\sasmit...')
#6 {main}
