CRITICAL - 2020-12-06 10:10:50 --> Undefined variable: judul
#0 C:\Users\sasmitobaguss\umkmTanjung\app\Views\layout\admintmp.php(12): CodeIgniter\Debug\Exceptions->errorHandler(8, 'Undefined varia...', 'C:\\Users\\sasmit...', 12, Array)
#1 C:\Users\sasmitobaguss\umkmTanjung\vendor\codeigniter4\framework\system\View\View.php(246): include('C:\\Users\\sasmit...')
#2 C:\Users\sasmitobaguss\umkmTanjung\vendor\codeigniter4\framework\system\View\View.php(257): CodeIgniter\View\View->render('layout/admintmp', Array, true)
#3 C:\Users\sasmitobaguss\umkmTanjung\vendor\codeigniter4\framework\system\Common.php(1119): CodeIgniter\View\View->render('sistem/fotoprof...', Array, true)
#4 C:\Users\sasmitobaguss\umkmTanjung\app\Controllers\Sistem.php(202): view('sistem/fotoprof...')
#5 C:\Users\sasmitobaguss\umkmTanjung\vendor\codeigniter4\framework\system\CodeIgniter.php(918): App\Controllers\Sistem->fotoProfil()
#6 C:\Users\sasmitobaguss\umkmTanjung\vendor\codeigniter4\framework\system\CodeIgniter.php(404): CodeIgniter\CodeIgniter->runController(Object(App\Controllers\Sistem))
#7 C:\Users\sasmitobaguss\umkmTanjung\vendor\codeigniter4\framework\system\CodeIgniter.php(312): CodeIgniter\CodeIgniter->handleRequest(NULL, Object(Config\Cache), false)
#8 C:\Users\sasmitobaguss\umkmTanjung\public\index.php(45): CodeIgniter\CodeIgniter->run()
#9 C:\Users\sasmitobaguss\umkmTanjung\vendor\codeigniter4\framework\system\Commands\Server\rewrite.php(34): require_once('C:\\Users\\sasmit...')
#10 {main}
CRITICAL - 2020-12-06 10:11:54 --> Undefined variable: user
#0 C:\Users\sasmitobaguss\umkmTanjung\app\Views\layout\admintmp.php(49): CodeIgniter\Debug\Exceptions->errorHandler(8, 'Undefined varia...', 'C:\\Users\\sasmit...', 49, Array)
#1 C:\Users\sasmitobaguss\umkmTanjung\vendor\codeigniter4\framework\system\View\View.php(246): include('C:\\Users\\sasmit...')
#2 C:\Users\sasmitobaguss\umkmTanjung\vendor\codeigniter4\framework\system\View\View.php(257): CodeIgniter\View\View->render('layout/admintmp', Array, true)
#3 C:\Users\sasmitobaguss\umkmTanjung\vendor\codeigniter4\framework\system\Common.php(1119): CodeIgniter\View\View->render('sistem/fotoprof...', Array, true)
#4 C:\Users\sasmitobaguss\umkmTanjung\app\Controllers\Sistem.php(205): view('sistem/fotoprof...', Array)
#5 C:\Users\sasmitobaguss\umkmTanjung\vendor\codeigniter4\framework\system\CodeIgniter.php(918): App\Controllers\Sistem->fotoProfil()
#6 C:\Users\sasmitobaguss\umkmTanjung\vendor\codeigniter4\framework\system\CodeIgniter.php(404): CodeIgniter\CodeIgniter->runController(Object(App\Controllers\Sistem))
#7 C:\Users\sasmitobaguss\umkmTanjung\vendor\codeigniter4\framework\system\CodeIgniter.php(312): CodeIgniter\CodeIgniter->handleRequest(NULL, Object(Config\Cache), false)
#8 C:\Users\sasmitobaguss\umkmTanjung\public\index.php(45): CodeIgniter\CodeIgniter->run()
#9 C:\Users\sasmitobaguss\umkmTanjung\vendor\codeigniter4\framework\system\Commands\Server\rewrite.php(34): require_once('C:\\Users\\sasmit...')
#10 {main}
CRITICAL - 2020-12-06 10:51:39 --> Undefined property: App\Controllers\Sistem::$imgModel
#0 C:\Users\sasmitobaguss\umkmTanjung\app\Controllers\Sistem.php(203): CodeIgniter\Debug\Exceptions->errorHandler(8, 'Undefined prope...', 'C:\\Users\\sasmit...', 203, Array)
#1 C:\Users\sasmitobaguss\umkmTanjung\vendor\codeigniter4\framework\system\CodeIgniter.php(918): App\Controllers\Sistem->fotoProfil()
#2 C:\Users\sasmitobaguss\umkmTanjung\vendor\codeigniter4\framework\system\CodeIgniter.php(404): CodeIgniter\CodeIgniter->runController(Object(App\Controllers\Sistem))
#3 C:\Users\sasmitobaguss\umkmTanjung\vendor\codeigniter4\framework\system\CodeIgniter.php(312): CodeIgniter\CodeIgniter->handleRequest(NULL, Object(Config\Cache), false)
#4 C:\Users\sasmitobaguss\umkmTanjung\public\index.php(45): CodeIgniter\CodeIgniter->run()
#5 C:\Users\sasmitobaguss\umkmTanjung\vendor\codeigniter4\framework\system\Commands\Server\rewrite.php(34): require_once('C:\\Users\\sasmit...')
#6 {main}
CRITICAL - 2020-12-06 00:27:11 --> syntax error, unexpected '}', expecting ';'
#0 C:\Users\sasmitobaguss\umkmTanjung\vendor\codeigniter4\framework\system\Autoloader\Autoloader.php(296): CodeIgniter\Autoloader\Autoloader->requireFile('C:\\Users\\sasmit...')
#1 C:\Users\sasmitobaguss\umkmTanjung\vendor\codeigniter4\framework\system\Autoloader\Autoloader.php(258): CodeIgniter\Autoloader\Autoloader->loadInNamespace('App\\Controllers...')
#2 [internal function]: CodeIgniter\Autoloader\Autoloader->loadClass('App\\Controllers...')
#3 [internal function]: spl_autoload_call('App\\Controllers...')
#4 C:\Users\sasmitobaguss\umkmTanjung\vendor\codeigniter4\framework\system\CodeIgniter.php(869): class_exists('\\App\\Controller...', true)
#5 C:\Users\sasmitobaguss\umkmTanjung\vendor\codeigniter4\framework\system\CodeIgniter.php(394): CodeIgniter\CodeIgniter->startController()
#6 C:\Users\sasmitobaguss\umkmTanjung\vendor\codeigniter4\framework\system\CodeIgniter.php(312): CodeIgniter\CodeIgniter->handleRequest(NULL, Object(Config\Cache), false)
#7 C:\Users\sasmitobaguss\umkmTanjung\public\index.php(45): CodeIgniter\CodeIgniter->run()
#8 C:\Users\sasmitobaguss\umkmTanjung\vendor\codeigniter4\framework\system\Commands\Server\rewrite.php(34): require_once('C:\\Users\\sasmit...')
#9 {main}
CRITICAL - 2020-12-06 13:27:43 --> Argument 1 passed to CodeIgniter\Model::doProtectFields() must be of the type array, string given, called in C:\Users\sasmitobaguss\umkmTanjung\vendor\codeigniter4\framework\system\Model.php on line 870
#0 C:\Users\sasmitobaguss\umkmTanjung\vendor\codeigniter4\framework\system\Model.php(870): CodeIgniter\Model->doProtectFields('1607236063_eb3d...')
#1 C:\Users\sasmitobaguss\umkmTanjung\app\Models\userModel.php(26): CodeIgniter\Model->update(Array, '1607236063_eb3d...')
#2 C:\Users\sasmitobaguss\umkmTanjung\app\Controllers\Sistem.php(235): App\Models\userModel->foto('7', '1607236063_eb3d...')
#3 C:\Users\sasmitobaguss\umkmTanjung\vendor\codeigniter4\framework\system\CodeIgniter.php(918): App\Controllers\Sistem->fotoDB('7')
#4 C:\Users\sasmitobaguss\umkmTanjung\vendor\codeigniter4\framework\system\CodeIgniter.php(404): CodeIgniter\CodeIgniter->runController(Object(App\Controllers\Sistem))
#5 C:\Users\sasmitobaguss\umkmTanjung\vendor\codeigniter4\framework\system\CodeIgniter.php(312): CodeIgniter\CodeIgniter->handleRequest(NULL, Object(Config\Cache), false)
#6 C:\Users\sasmitobaguss\umkmTanjung\public\index.php(45): CodeIgniter\CodeIgniter->run()
#7 C:\Users\sasmitobaguss\umkmTanjung\vendor\codeigniter4\framework\system\Commands\Server\rewrite.php(34): require_once('C:\\Users\\sasmit...')
#8 {main}
CRITICAL - 2020-12-06 13:29:46 --> Argument 1 passed to CodeIgniter\Model::doProtectFields() must be of the type array, string given, called in C:\Users\sasmitobaguss\umkmTanjung\vendor\codeigniter4\framework\system\Model.php on line 870
#0 C:\Users\sasmitobaguss\umkmTanjung\vendor\codeigniter4\framework\system\Model.php(870): CodeIgniter\Model->doProtectFields('1607236186_bad0...')
#1 C:\Users\sasmitobaguss\umkmTanjung\app\Models\userModel.php(26): CodeIgniter\Model->update(Array, '1607236186_bad0...')
#2 C:\Users\sasmitobaguss\umkmTanjung\app\Controllers\Sistem.php(235): App\Models\userModel->foto('7', '1607236186_bad0...')
#3 C:\Users\sasmitobaguss\umkmTanjung\vendor\codeigniter4\framework\system\CodeIgniter.php(918): App\Controllers\Sistem->fotoDB('7')
#4 C:\Users\sasmitobaguss\umkmTanjung\vendor\codeigniter4\framework\system\CodeIgniter.php(404): CodeIgniter\CodeIgniter->runController(Object(App\Controllers\Sistem))
#5 C:\Users\sasmitobaguss\umkmTanjung\vendor\codeigniter4\framework\system\CodeIgniter.php(312): CodeIgniter\CodeIgniter->handleRequest(NULL, Object(Config\Cache), false)
#6 C:\Users\sasmitobaguss\umkmTanjung\public\index.php(45): CodeIgniter\CodeIgniter->run()
#7 C:\Users\sasmitobaguss\umkmTanjung\vendor\codeigniter4\framework\system\Commands\Server\rewrite.php(34): require_once('C:\\Users\\sasmit...')
#8 {main}
CRITICAL - 2020-12-06 13:33:17 --> There is no data to update.
#0 C:\Users\sasmitobaguss\umkmTanjung\vendor\codeigniter4\framework\system\Model.php(834): CodeIgniter\Database\Exceptions\DataException::forEmptyDataset('update')
#1 C:\Users\sasmitobaguss\umkmTanjung\app\Controllers\Sistem.php(235): CodeIgniter\Model->update(Array)
#2 C:\Users\sasmitobaguss\umkmTanjung\vendor\codeigniter4\framework\system\CodeIgniter.php(918): App\Controllers\Sistem->fotoDB('7')
#3 C:\Users\sasmitobaguss\umkmTanjung\vendor\codeigniter4\framework\system\CodeIgniter.php(404): CodeIgniter\CodeIgniter->runController(Object(App\Controllers\Sistem))
#4 C:\Users\sasmitobaguss\umkmTanjung\vendor\codeigniter4\framework\system\CodeIgniter.php(312): CodeIgniter\CodeIgniter->handleRequest(NULL, Object(Config\Cache), false)
#5 C:\Users\sasmitobaguss\umkmTanjung\public\index.php(45): CodeIgniter\CodeIgniter->run()
#6 C:\Users\sasmitobaguss\umkmTanjung\vendor\codeigniter4\framework\system\Commands\Server\rewrite.php(34): require_once('C:\\Users\\sasmit...')
#7 {main}
CRITICAL - 2020-12-06 00:34:11 --> syntax error, unexpected ')', expecting ';'
#0 C:\Users\sasmitobaguss\umkmTanjung\vendor\codeigniter4\framework\system\Autoloader\Autoloader.php(296): CodeIgniter\Autoloader\Autoloader->requireFile('C:\\Users\\sasmit...')
#1 C:\Users\sasmitobaguss\umkmTanjung\vendor\codeigniter4\framework\system\Autoloader\Autoloader.php(258): CodeIgniter\Autoloader\Autoloader->loadInNamespace('App\\Controllers...')
#2 [internal function]: CodeIgniter\Autoloader\Autoloader->loadClass('App\\Controllers...')
#3 [internal function]: spl_autoload_call('App\\Controllers...')
#4 C:\Users\sasmitobaguss\umkmTanjung\vendor\codeigniter4\framework\system\CodeIgniter.php(869): class_exists('\\App\\Controller...', true)
#5 C:\Users\sasmitobaguss\umkmTanjung\vendor\codeigniter4\framework\system\CodeIgniter.php(394): CodeIgniter\CodeIgniter->startController()
#6 C:\Users\sasmitobaguss\umkmTanjung\vendor\codeigniter4\framework\system\CodeIgniter.php(312): CodeIgniter\CodeIgniter->handleRequest(NULL, Object(Config\Cache), false)
#7 C:\Users\sasmitobaguss\umkmTanjung\public\index.php(45): CodeIgniter\CodeIgniter->run()
#8 C:\Users\sasmitobaguss\umkmTanjung\vendor\codeigniter4\framework\system\Commands\Server\rewrite.php(34): require_once('C:\\Users\\sasmit...')
#9 {main}
CRITICAL - 2020-12-06 13:34:19 --> There is no data to update.
#0 C:\Users\sasmitobaguss\umkmTanjung\vendor\codeigniter4\framework\system\Model.php(834): CodeIgniter\Database\Exceptions\DataException::forEmptyDataset('update')
#1 C:\Users\sasmitobaguss\umkmTanjung\app\Controllers\Sistem.php(236): CodeIgniter\Model->update(Array)
#2 C:\Users\sasmitobaguss\umkmTanjung\vendor\codeigniter4\framework\system\CodeIgniter.php(918): App\Controllers\Sistem->fotoDB('7')
#3 C:\Users\sasmitobaguss\umkmTanjung\vendor\codeigniter4\framework\system\CodeIgniter.php(404): CodeIgniter\CodeIgniter->runController(Object(App\Controllers\Sistem))
#4 C:\Users\sasmitobaguss\umkmTanjung\vendor\codeigniter4\framework\system\CodeIgniter.php(312): CodeIgniter\CodeIgniter->handleRequest(NULL, Object(Config\Cache), false)
#5 C:\Users\sasmitobaguss\umkmTanjung\public\index.php(45): CodeIgniter\CodeIgniter->run()
#6 C:\Users\sasmitobaguss\umkmTanjung\vendor\codeigniter4\framework\system\Commands\Server\rewrite.php(34): require_once('C:\\Users\\sasmit...')
#7 {main}
CRITICAL - 2020-12-06 13:36:03 --> There is no data to update.
#0 C:\Users\sasmitobaguss\umkmTanjung\vendor\codeigniter4\framework\system\Model.php(834): CodeIgniter\Database\Exceptions\DataException::forEmptyDataset('update')
#1 C:\Users\sasmitobaguss\umkmTanjung\app\Controllers\Sistem.php(236): CodeIgniter\Model->update(Array)
#2 C:\Users\sasmitobaguss\umkmTanjung\vendor\codeigniter4\framework\system\CodeIgniter.php(918): App\Controllers\Sistem->fotoDB('7')
#3 C:\Users\sasmitobaguss\umkmTanjung\vendor\codeigniter4\framework\system\CodeIgniter.php(404): CodeIgniter\CodeIgniter->runController(Object(App\Controllers\Sistem))
#4 C:\Users\sasmitobaguss\umkmTanjung\vendor\codeigniter4\framework\system\CodeIgniter.php(312): CodeIgniter\CodeIgniter->handleRequest(NULL, Object(Config\Cache), false)
#5 C:\Users\sasmitobaguss\umkmTanjung\public\index.php(45): CodeIgniter\CodeIgniter->run()
#6 C:\Users\sasmitobaguss\umkmTanjung\vendor\codeigniter4\framework\system\Commands\Server\rewrite.php(34): require_once('C:\\Users\\sasmit...')
#7 {main}
CRITICAL - 2020-12-06 00:39:28 --> syntax error, unexpected '}', expecting ';'
#0 C:\Users\sasmitobaguss\umkmTanjung\vendor\codeigniter4\framework\system\Autoloader\Autoloader.php(296): CodeIgniter\Autoloader\Autoloader->requireFile('C:\\Users\\sasmit...')
#1 C:\Users\sasmitobaguss\umkmTanjung\vendor\codeigniter4\framework\system\Autoloader\Autoloader.php(258): CodeIgniter\Autoloader\Autoloader->loadInNamespace('App\\Models\\user...')
#2 [internal function]: CodeIgniter\Autoloader\Autoloader->loadClass('App\\Models\\user...')
#3 C:\Users\sasmitobaguss\umkmTanjung\app\Controllers\Sistem.php(19): spl_autoload_call('App\\Models\\user...')
#4 C:\Users\sasmitobaguss\umkmTanjung\vendor\codeigniter4\framework\system\CodeIgniter.php(890): App\Controllers\Sistem->__construct()
#5 C:\Users\sasmitobaguss\umkmTanjung\vendor\codeigniter4\framework\system\CodeIgniter.php(399): CodeIgniter\CodeIgniter->createController()
#6 C:\Users\sasmitobaguss\umkmTanjung\vendor\codeigniter4\framework\system\CodeIgniter.php(312): CodeIgniter\CodeIgniter->handleRequest(NULL, Object(Config\Cache), false)
#7 C:\Users\sasmitobaguss\umkmTanjung\public\index.php(45): CodeIgniter\CodeIgniter->run()
#8 C:\Users\sasmitobaguss\umkmTanjung\vendor\codeigniter4\framework\system\Commands\Server\rewrite.php(34): require_once('C:\\Users\\sasmit...')
#9 {main}
CRITICAL - 2020-12-06 00:43:28 --> syntax error, unexpected '}', expecting ';'
#0 C:\Users\sasmitobaguss\umkmTanjung\vendor\codeigniter4\framework\system\Autoloader\Autoloader.php(296): CodeIgniter\Autoloader\Autoloader->requireFile('C:\\Users\\sasmit...')
#1 C:\Users\sasmitobaguss\umkmTanjung\vendor\codeigniter4\framework\system\Autoloader\Autoloader.php(258): CodeIgniter\Autoloader\Autoloader->loadInNamespace('App\\Controllers...')
#2 [internal function]: CodeIgniter\Autoloader\Autoloader->loadClass('App\\Controllers...')
#3 [internal function]: spl_autoload_call('App\\Controllers...')
#4 C:\Users\sasmitobaguss\umkmTanjung\vendor\codeigniter4\framework\system\CodeIgniter.php(869): class_exists('\\App\\Controller...', true)
#5 C:\Users\sasmitobaguss\umkmTanjung\vendor\codeigniter4\framework\system\CodeIgniter.php(394): CodeIgniter\CodeIgniter->startController()
#6 C:\Users\sasmitobaguss\umkmTanjung\vendor\codeigniter4\framework\system\CodeIgniter.php(312): CodeIgniter\CodeIgniter->handleRequest(NULL, Object(Config\Cache), false)
#7 C:\Users\sasmitobaguss\umkmTanjung\public\index.php(45): CodeIgniter\CodeIgniter->run()
#8 C:\Users\sasmitobaguss\umkmTanjung\vendor\codeigniter4\framework\system\Commands\Server\rewrite.php(34): require_once('C:\\Users\\sasmit...')
#9 {main}
CRITICAL - 2020-12-06 13:59:19 --> Invalid file: layout/adimntmp.php
#0 C:\Users\sasmitobaguss\umkmTanjung\vendor\codeigniter4\framework\system\View\View.php(228): CodeIgniter\Exceptions\FrameworkException::forInvalidFile('layout/adimntmp...')
#1 C:\Users\sasmitobaguss\umkmTanjung\vendor\codeigniter4\framework\system\View\View.php(257): CodeIgniter\View\View->render('layout/adimntmp', Array, true)
#2 C:\Users\sasmitobaguss\umkmTanjung\vendor\codeigniter4\framework\system\Common.php(1119): CodeIgniter\View\View->render('sistem/data', Array, true)
#3 C:\Users\sasmitobaguss\umkmTanjung\app\Controllers\Sistem.php(254): view('sistem/data')
#4 C:\Users\sasmitobaguss\umkmTanjung\vendor\codeigniter4\framework\system\CodeIgniter.php(918): App\Controllers\Sistem->profil()
#5 C:\Users\sasmitobaguss\umkmTanjung\vendor\codeigniter4\framework\system\CodeIgniter.php(404): CodeIgniter\CodeIgniter->runController(Object(App\Controllers\Sistem))
#6 C:\Users\sasmitobaguss\umkmTanjung\vendor\codeigniter4\framework\system\CodeIgniter.php(312): CodeIgniter\CodeIgniter->handleRequest(NULL, Object(Config\Cache), false)
#7 C:\Users\sasmitobaguss\umkmTanjung\public\index.php(45): CodeIgniter\CodeIgniter->run()
#8 C:\Users\sasmitobaguss\umkmTanjung\vendor\codeigniter4\framework\system\Commands\Server\rewrite.php(34): require_once('C:\\Users\\sasmit...')
#9 {main}
CRITICAL - 2020-12-06 13:59:40 --> Undefined variable: judul
#0 C:\Users\sasmitobaguss\umkmTanjung\app\Views\layout\admintmp.php(12): CodeIgniter\Debug\Exceptions->errorHandler(8, 'Undefined varia...', 'C:\\Users\\sasmit...', 12, Array)
#1 C:\Users\sasmitobaguss\umkmTanjung\vendor\codeigniter4\framework\system\View\View.php(246): include('C:\\Users\\sasmit...')
#2 C:\Users\sasmitobaguss\umkmTanjung\vendor\codeigniter4\framework\system\View\View.php(257): CodeIgniter\View\View->render('layout/admintmp', Array, true)
#3 C:\Users\sasmitobaguss\umkmTanjung\vendor\codeigniter4\framework\system\Common.php(1119): CodeIgniter\View\View->render('sistem/data', Array, true)
#4 C:\Users\sasmitobaguss\umkmTanjung\app\Controllers\Sistem.php(254): view('sistem/data')
#5 C:\Users\sasmitobaguss\umkmTanjung\vendor\codeigniter4\framework\system\CodeIgniter.php(918): App\Controllers\Sistem->profil()
#6 C:\Users\sasmitobaguss\umkmTanjung\vendor\codeigniter4\framework\system\CodeIgniter.php(404): CodeIgniter\CodeIgniter->runController(Object(App\Controllers\Sistem))
#7 C:\Users\sasmitobaguss\umkmTanjung\vendor\codeigniter4\framework\system\CodeIgniter.php(312): CodeIgniter\CodeIgniter->handleRequest(NULL, Object(Config\Cache), false)
#8 C:\Users\sasmitobaguss\umkmTanjung\public\index.php(45): CodeIgniter\CodeIgniter->run()
#9 C:\Users\sasmitobaguss\umkmTanjung\vendor\codeigniter4\framework\system\Commands\Server\rewrite.php(34): require_once('C:\\Users\\sasmit...')
#10 {main}
CRITICAL - 2020-12-06 01:00:20 --> Undefined property: App\Controllers\Sistem::$session
#0 C:\Users\sasmitobaguss\umkmTanjung\app\Controllers\Sistem.php(22): CodeIgniter\Debug\Exceptions->errorHandler(8, 'Undefined prope...', 'C:\\Users\\sasmit...', 22, Array)
#1 C:\Users\sasmitobaguss\umkmTanjung\vendor\codeigniter4\framework\system\CodeIgniter.php(890): App\Controllers\Sistem->__construct()
#2 C:\Users\sasmitobaguss\umkmTanjung\vendor\codeigniter4\framework\system\CodeIgniter.php(399): CodeIgniter\CodeIgniter->createController()
#3 C:\Users\sasmitobaguss\umkmTanjung\vendor\codeigniter4\framework\system\CodeIgniter.php(312): CodeIgniter\CodeIgniter->handleRequest(NULL, Object(Config\Cache), false)
#4 C:\Users\sasmitobaguss\umkmTanjung\public\index.php(45): CodeIgniter\CodeIgniter->run()
#5 C:\Users\sasmitobaguss\umkmTanjung\vendor\codeigniter4\framework\system\Commands\Server\rewrite.php(34): require_once('C:\\Users\\sasmit...')
#6 {main}
CRITICAL - 2020-12-06 01:00:46 --> Undefined property: App\Controllers\Sistem::$session
#0 C:\Users\sasmitobaguss\umkmTanjung\app\Controllers\Sistem.php(23): CodeIgniter\Debug\Exceptions->errorHandler(8, 'Undefined prope...', 'C:\\Users\\sasmit...', 23, Array)
#1 C:\Users\sasmitobaguss\umkmTanjung\vendor\codeigniter4\framework\system\CodeIgniter.php(890): App\Controllers\Sistem->__construct()
#2 C:\Users\sasmitobaguss\umkmTanjung\vendor\codeigniter4\framework\system\CodeIgniter.php(399): CodeIgniter\CodeIgniter->createController()
#3 C:\Users\sasmitobaguss\umkmTanjung\vendor\codeigniter4\framework\system\CodeIgniter.php(312): CodeIgniter\CodeIgniter->handleRequest(NULL, Object(Config\Cache), false)
#4 C:\Users\sasmitobaguss\umkmTanjung\public\index.php(45): CodeIgniter\CodeIgniter->run()
#5 C:\Users\sasmitobaguss\umkmTanjung\vendor\codeigniter4\framework\system\Commands\Server\rewrite.php(34): require_once('C:\\Users\\sasmit...')
#6 {main}
CRITICAL - 2020-12-06 14:01:04 --> Undefined variable: judul
#0 C:\Users\sasmitobaguss\umkmTanjung\app\Views\layout\admintmp.php(12): CodeIgniter\Debug\Exceptions->errorHandler(8, 'Undefined varia...', 'C:\\Users\\sasmit...', 12, Array)
#1 C:\Users\sasmitobaguss\umkmTanjung\vendor\codeigniter4\framework\system\View\View.php(246): include('C:\\Users\\sasmit...')
#2 C:\Users\sasmitobaguss\umkmTanjung\vendor\codeigniter4\framework\system\View\View.php(257): CodeIgniter\View\View->render('layout/admintmp', Array, true)
#3 C:\Users\sasmitobaguss\umkmTanjung\vendor\codeigniter4\framework\system\Common.php(1119): CodeIgniter\View\View->render('sistem/data', Array, true)
#4 C:\Users\sasmitobaguss\umkmTanjung\app\Controllers\Sistem.php(256): view('sistem/data')
#5 C:\Users\sasmitobaguss\umkmTanjung\vendor\codeigniter4\framework\system\CodeIgniter.php(918): App\Controllers\Sistem->profil()
#6 C:\Users\sasmitobaguss\umkmTanjung\vendor\codeigniter4\framework\system\CodeIgniter.php(404): CodeIgniter\CodeIgniter->runController(Object(App\Controllers\Sistem))
#7 C:\Users\sasmitobaguss\umkmTanjung\vendor\codeigniter4\framework\system\CodeIgniter.php(312): CodeIgniter\CodeIgniter->handleRequest(NULL, Object(Config\Cache), false)
#8 C:\Users\sasmitobaguss\umkmTanjung\public\index.php(45): CodeIgniter\CodeIgniter->run()
#9 C:\Users\sasmitobaguss\umkmTanjung\vendor\codeigniter4\framework\system\Commands\Server\rewrite.php(34): require_once('C:\\Users\\sasmit...')
#10 {main}
CRITICAL - 2020-12-06 01:02:10 --> syntax error, unexpected 'return' (T_RETURN)
#0 C:\Users\sasmitobaguss\umkmTanjung\vendor\codeigniter4\framework\system\Autoloader\Autoloader.php(296): CodeIgniter\Autoloader\Autoloader->requireFile('C:\\Users\\sasmit...')
#1 C:\Users\sasmitobaguss\umkmTanjung\vendor\codeigniter4\framework\system\Autoloader\Autoloader.php(258): CodeIgniter\Autoloader\Autoloader->loadInNamespace('App\\Controllers...')
#2 [internal function]: CodeIgniter\Autoloader\Autoloader->loadClass('App\\Controllers...')
#3 [internal function]: spl_autoload_call('App\\Controllers...')
#4 C:\Users\sasmitobaguss\umkmTanjung\vendor\codeigniter4\framework\system\CodeIgniter.php(869): class_exists('\\App\\Controller...', true)
#5 C:\Users\sasmitobaguss\umkmTanjung\vendor\codeigniter4\framework\system\CodeIgniter.php(394): CodeIgniter\CodeIgniter->startController()
#6 C:\Users\sasmitobaguss\umkmTanjung\vendor\codeigniter4\framework\system\CodeIgniter.php(312): CodeIgniter\CodeIgniter->handleRequest(NULL, Object(Config\Cache), false)
#7 C:\Users\sasmitobaguss\umkmTanjung\public\index.php(45): CodeIgniter\CodeIgniter->run()
#8 C:\Users\sasmitobaguss\umkmTanjung\vendor\codeigniter4\framework\system\Commands\Server\rewrite.php(34): require_once('C:\\Users\\sasmit...')
#9 {main}
CRITICAL - 2020-12-06 14:02:28 --> Undefined variable: user
#0 C:\Users\sasmitobaguss\umkmTanjung\app\Views\layout\admintmp.php(49): CodeIgniter\Debug\Exceptions->errorHandler(8, 'Undefined varia...', 'C:\\Users\\sasmit...', 49, Array)
#1 C:\Users\sasmitobaguss\umkmTanjung\vendor\codeigniter4\framework\system\View\View.php(246): include('C:\\Users\\sasmit...')
#2 C:\Users\sasmitobaguss\umkmTanjung\vendor\codeigniter4\framework\system\View\View.php(257): CodeIgniter\View\View->render('layout/admintmp', Array, true)
#3 C:\Users\sasmitobaguss\umkmTanjung\vendor\codeigniter4\framework\system\Common.php(1119): CodeIgniter\View\View->render('sistem/data', Array, true)
#4 C:\Users\sasmitobaguss\umkmTanjung\app\Controllers\Sistem.php(257): view('sistem/data', Array)
#5 C:\Users\sasmitobaguss\umkmTanjung\vendor\codeigniter4\framework\system\CodeIgniter.php(918): App\Controllers\Sistem->profil()
#6 C:\Users\sasmitobaguss\umkmTanjung\vendor\codeigniter4\framework\system\CodeIgniter.php(404): CodeIgniter\CodeIgniter->runController(Object(App\Controllers\Sistem))
#7 C:\Users\sasmitobaguss\umkmTanjung\vendor\codeigniter4\framework\system\CodeIgniter.php(312): CodeIgniter\CodeIgniter->handleRequest(NULL, Object(Config\Cache), false)
#8 C:\Users\sasmitobaguss\umkmTanjung\public\index.php(45): CodeIgniter\CodeIgniter->run()
#9 C:\Users\sasmitobaguss\umkmTanjung\vendor\codeigniter4\framework\system\Commands\Server\rewrite.php(34): require_once('C:\\Users\\sasmit...')
#10 {main}
CRITICAL - 2020-12-06 14:02:51 --> Undefined variable: user
#0 C:\Users\sasmitobaguss\umkmTanjung\app\Controllers\Sistem.php(256): CodeIgniter\Debug\Exceptions->errorHandler(8, 'Undefined varia...', 'C:\\Users\\sasmit...', 256, Array)
#1 C:\Users\sasmitobaguss\umkmTanjung\vendor\codeigniter4\framework\system\CodeIgniter.php(918): App\Controllers\Sistem->profil()
#2 C:\Users\sasmitobaguss\umkmTanjung\vendor\codeigniter4\framework\system\CodeIgniter.php(404): CodeIgniter\CodeIgniter->runController(Object(App\Controllers\Sistem))
#3 C:\Users\sasmitobaguss\umkmTanjung\vendor\codeigniter4\framework\system\CodeIgniter.php(312): CodeIgniter\CodeIgniter->handleRequest(NULL, Object(Config\Cache), false)
#4 C:\Users\sasmitobaguss\umkmTanjung\public\index.php(45): CodeIgniter\CodeIgniter->run()
#5 C:\Users\sasmitobaguss\umkmTanjung\vendor\codeigniter4\framework\system\Commands\Server\rewrite.php(34): require_once('C:\\Users\\sasmit...')
#6 {main}
CRITICAL - 2020-12-06 14:03:01 --> Undefined property: App\Controllers\Sistem::$user
#0 C:\Users\sasmitobaguss\umkmTanjung\app\Controllers\Sistem.php(256): CodeIgniter\Debug\Exceptions->errorHandler(8, 'Undefined prope...', 'C:\\Users\\sasmit...', 256, Array)
#1 C:\Users\sasmitobaguss\umkmTanjung\vendor\codeigniter4\framework\system\CodeIgniter.php(918): App\Controllers\Sistem->profil()
#2 C:\Users\sasmitobaguss\umkmTanjung\vendor\codeigniter4\framework\system\CodeIgniter.php(404): CodeIgniter\CodeIgniter->runController(Object(App\Controllers\Sistem))
#3 C:\Users\sasmitobaguss\umkmTanjung\vendor\codeigniter4\framework\system\CodeIgniter.php(312): CodeIgniter\CodeIgniter->handleRequest(NULL, Object(Config\Cache), false)
#4 C:\Users\sasmitobaguss\umkmTanjung\public\index.php(45): CodeIgniter\CodeIgniter->run()
#5 C:\Users\sasmitobaguss\umkmTanjung\vendor\codeigniter4\framework\system\Commands\Server\rewrite.php(34): require_once('C:\\Users\\sasmit...')
#6 {main}
CRITICAL - 2020-12-06 14:03:19 --> Undefined variable: user
#0 C:\Users\sasmitobaguss\umkmTanjung\app\Controllers\Sistem.php(257): CodeIgniter\Debug\Exceptions->errorHandler(8, 'Undefined varia...', 'C:\\Users\\sasmit...', 257, Array)
#1 C:\Users\sasmitobaguss\umkmTanjung\vendor\codeigniter4\framework\system\CodeIgniter.php(918): App\Controllers\Sistem->profil()
#2 C:\Users\sasmitobaguss\umkmTanjung\vendor\codeigniter4\framework\system\CodeIgniter.php(404): CodeIgniter\CodeIgniter->runController(Object(App\Controllers\Sistem))
#3 C:\Users\sasmitobaguss\umkmTanjung\vendor\codeigniter4\framework\system\CodeIgniter.php(312): CodeIgniter\CodeIgniter->handleRequest(NULL, Object(Config\Cache), false)
#4 C:\Users\sasmitobaguss\umkmTanjung\public\index.php(45): CodeIgniter\CodeIgniter->run()
#5 C:\Users\sasmitobaguss\umkmTanjung\vendor\codeigniter4\framework\system\Commands\Server\rewrite.php(34): require_once('C:\\Users\\sasmit...')
#6 {main}
CRITICAL - 2020-12-06 14:04:02 --> Undefined variable: user
#0 C:\Users\sasmitobaguss\umkmTanjung\app\Controllers\Sistem.php(33): CodeIgniter\Debug\Exceptions->errorHandler(8, 'Undefined varia...', 'C:\\Users\\sasmit...', 33, Array)
#1 C:\Users\sasmitobaguss\umkmTanjung\vendor\codeigniter4\framework\system\CodeIgniter.php(918): App\Controllers\Sistem->index()
#2 C:\Users\sasmitobaguss\umkmTanjung\vendor\codeigniter4\framework\system\CodeIgniter.php(404): CodeIgniter\CodeIgniter->runController(Object(App\Controllers\Sistem))
#3 C:\Users\sasmitobaguss\umkmTanjung\vendor\codeigniter4\framework\system\CodeIgniter.php(312): CodeIgniter\CodeIgniter->handleRequest(NULL, Object(Config\Cache), false)
#4 C:\Users\sasmitobaguss\umkmTanjung\public\index.php(45): CodeIgniter\CodeIgniter->run()
#5 C:\Users\sasmitobaguss\umkmTanjung\vendor\codeigniter4\framework\system\Commands\Server\rewrite.php(34): require_once('C:\\Users\\sasmit...')
#6 {main}
CRITICAL - 2020-12-06 01:06:32 --> syntax error, unexpected '{', expecting function (T_FUNCTION) or const (T_CONST)
#0 C:\Users\sasmitobaguss\umkmTanjung\vendor\codeigniter4\framework\system\Autoloader\Autoloader.php(296): CodeIgniter\Autoloader\Autoloader->requireFile('C:\\Users\\sasmit...')
#1 C:\Users\sasmitobaguss\umkmTanjung\vendor\codeigniter4\framework\system\Autoloader\Autoloader.php(258): CodeIgniter\Autoloader\Autoloader->loadInNamespace('App\\Controllers...')
#2 [internal function]: CodeIgniter\Autoloader\Autoloader->loadClass('App\\Controllers...')
#3 [internal function]: spl_autoload_call('App\\Controllers...')
#4 C:\Users\sasmitobaguss\umkmTanjung\vendor\codeigniter4\framework\system\CodeIgniter.php(869): class_exists('\\App\\Controller...', true)
#5 C:\Users\sasmitobaguss\umkmTanjung\vendor\codeigniter4\framework\system\CodeIgniter.php(394): CodeIgniter\CodeIgniter->startController()
#6 C:\Users\sasmitobaguss\umkmTanjung\vendor\codeigniter4\framework\system\CodeIgniter.php(312): CodeIgniter\CodeIgniter->handleRequest(NULL, Object(Config\Cache), false)
#7 C:\Users\sasmitobaguss\umkmTanjung\public\index.php(45): CodeIgniter\CodeIgniter->run()
#8 C:\Users\sasmitobaguss\umkmTanjung\vendor\codeigniter4\framework\system\Commands\Server\rewrite.php(34): require_once('C:\\Users\\sasmit...')
#9 {main}
CRITICAL - 2020-12-06 01:06:54 --> syntax error, unexpected '{', expecting function (T_FUNCTION) or const (T_CONST)
#0 C:\Users\sasmitobaguss\umkmTanjung\vendor\codeigniter4\framework\system\Autoloader\Autoloader.php(296): CodeIgniter\Autoloader\Autoloader->requireFile('C:\\Users\\sasmit...')
#1 C:\Users\sasmitobaguss\umkmTanjung\vendor\codeigniter4\framework\system\Autoloader\Autoloader.php(258): CodeIgniter\Autoloader\Autoloader->loadInNamespace('App\\Controllers...')
#2 [internal function]: CodeIgniter\Autoloader\Autoloader->loadClass('App\\Controllers...')
#3 [internal function]: spl_autoload_call('App\\Controllers...')
#4 C:\Users\sasmitobaguss\umkmTanjung\vendor\codeigniter4\framework\system\CodeIgniter.php(869): class_exists('\\App\\Controller...', true)
#5 C:\Users\sasmitobaguss\umkmTanjung\vendor\codeigniter4\framework\system\CodeIgniter.php(394): CodeIgniter\CodeIgniter->startController()
#6 C:\Users\sasmitobaguss\umkmTanjung\vendor\codeigniter4\framework\system\CodeIgniter.php(312): CodeIgniter\CodeIgniter->handleRequest(NULL, Object(Config\Cache), false)
#7 C:\Users\sasmitobaguss\umkmTanjung\public\index.php(45): CodeIgniter\CodeIgniter->run()
#8 C:\Users\sasmitobaguss\umkmTanjung\vendor\codeigniter4\framework\system\Commands\Server\rewrite.php(34): require_once('C:\\Users\\sasmit...')
#9 {main}
CRITICAL - 2020-12-06 01:07:07 --> syntax error, unexpected '{', expecting function (T_FUNCTION) or const (T_CONST)
#0 C:\Users\sasmitobaguss\umkmTanjung\vendor\codeigniter4\framework\system\Autoloader\Autoloader.php(296): CodeIgniter\Autoloader\Autoloader->requireFile('C:\\Users\\sasmit...')
#1 C:\Users\sasmitobaguss\umkmTanjung\vendor\codeigniter4\framework\system\Autoloader\Autoloader.php(258): CodeIgniter\Autoloader\Autoloader->loadInNamespace('App\\Controllers...')
#2 [internal function]: CodeIgniter\Autoloader\Autoloader->loadClass('App\\Controllers...')
#3 [internal function]: spl_autoload_call('App\\Controllers...')
#4 C:\Users\sasmitobaguss\umkmTanjung\vendor\codeigniter4\framework\system\CodeIgniter.php(869): class_exists('\\App\\Controller...', true)
#5 C:\Users\sasmitobaguss\umkmTanjung\vendor\codeigniter4\framework\system\CodeIgniter.php(394): CodeIgniter\CodeIgniter->startController()
#6 C:\Users\sasmitobaguss\umkmTanjung\vendor\codeigniter4\framework\system\CodeIgniter.php(312): CodeIgniter\CodeIgniter->handleRequest(NULL, Object(Config\Cache), false)
#7 C:\Users\sasmitobaguss\umkmTanjung\public\index.php(45): CodeIgniter\CodeIgniter->run()
#8 C:\Users\sasmitobaguss\umkmTanjung\vendor\codeigniter4\framework\system\Commands\Server\rewrite.php(34): require_once('C:\\Users\\sasmit...')
#9 {main}
CRITICAL - 2020-12-06 14:33:36 --> Call to undefined function App\Controllers\delete_files()
#0 C:\Users\sasmitobaguss\umkmTanjung\vendor\codeigniter4\framework\system\CodeIgniter.php(918): App\Controllers\Sistem->fotohapus('7')
#1 C:\Users\sasmitobaguss\umkmTanjung\vendor\codeigniter4\framework\system\CodeIgniter.php(404): CodeIgniter\CodeIgniter->runController(Object(App\Controllers\Sistem))
#2 C:\Users\sasmitobaguss\umkmTanjung\vendor\codeigniter4\framework\system\CodeIgniter.php(312): CodeIgniter\CodeIgniter->handleRequest(NULL, Object(Config\Cache), false)
#3 C:\Users\sasmitobaguss\umkmTanjung\public\index.php(45): CodeIgniter\CodeIgniter->run()
#4 C:\Users\sasmitobaguss\umkmTanjung\vendor\codeigniter4\framework\system\Commands\Server\rewrite.php(34): require_once('C:\\Users\\sasmit...')
#5 {main}
CRITICAL - 2020-12-06 14:36:36 --> Call to undefined function App\Controllers\delete_file()
#0 C:\Users\sasmitobaguss\umkmTanjung\vendor\codeigniter4\framework\system\CodeIgniter.php(918): App\Controllers\Sistem->fotohapus('7')
#1 C:\Users\sasmitobaguss\umkmTanjung\vendor\codeigniter4\framework\system\CodeIgniter.php(404): CodeIgniter\CodeIgniter->runController(Object(App\Controllers\Sistem))
#2 C:\Users\sasmitobaguss\umkmTanjung\vendor\codeigniter4\framework\system\CodeIgniter.php(312): CodeIgniter\CodeIgniter->handleRequest(NULL, Object(Config\Cache), false)
#3 C:\Users\sasmitobaguss\umkmTanjung\public\index.php(45): CodeIgniter\CodeIgniter->run()
#4 C:\Users\sasmitobaguss\umkmTanjung\vendor\codeigniter4\framework\system\Commands\Server\rewrite.php(34): require_once('C:\\Users\\sasmit...')
#5 {main}
CRITICAL - 2020-12-06 14:37:02 --> Call to undefined function App\Controllers\delete_file()
#0 C:\Users\sasmitobaguss\umkmTanjung\vendor\codeigniter4\framework\system\CodeIgniter.php(918): App\Controllers\Sistem->fotohapus('7')
#1 C:\Users\sasmitobaguss\umkmTanjung\vendor\codeigniter4\framework\system\CodeIgniter.php(404): CodeIgniter\CodeIgniter->runController(Object(App\Controllers\Sistem))
#2 C:\Users\sasmitobaguss\umkmTanjung\vendor\codeigniter4\framework\system\CodeIgniter.php(312): CodeIgniter\CodeIgniter->handleRequest(NULL, Object(Config\Cache), false)
#3 C:\Users\sasmitobaguss\umkmTanjung\public\index.php(45): CodeIgniter\CodeIgniter->run()
#4 C:\Users\sasmitobaguss\umkmTanjung\vendor\codeigniter4\framework\system\Commands\Server\rewrite.php(34): require_once('C:\\Users\\sasmit...')
#5 {main}
CRITICAL - 2020-12-06 14:38:31 --> Call to undefined function App\Controllers\delete_file()
#0 C:\Users\sasmitobaguss\umkmTanjung\vendor\codeigniter4\framework\system\CodeIgniter.php(918): App\Controllers\Sistem->fotohapus('7')
#1 C:\Users\sasmitobaguss\umkmTanjung\vendor\codeigniter4\framework\system\CodeIgniter.php(404): CodeIgniter\CodeIgniter->runController(Object(App\Controllers\Sistem))
#2 C:\Users\sasmitobaguss\umkmTanjung\vendor\codeigniter4\framework\system\CodeIgniter.php(312): CodeIgniter\CodeIgniter->handleRequest(NULL, Object(Config\Cache), false)
#3 C:\Users\sasmitobaguss\umkmTanjung\public\index.php(45): CodeIgniter\CodeIgniter->run()
#4 C:\Users\sasmitobaguss\umkmTanjung\vendor\codeigniter4\framework\system\Commands\Server\rewrite.php(34): require_once('C:\\Users\\sasmit...')
#5 {main}
CRITICAL - 2020-12-06 14:42:47 --> unlink(assets/img/fotoProfile/1607240248_f12a09c7fa217326d14c.png): No such file or directory
#0 [internal function]: CodeIgniter\Debug\Exceptions->errorHandler(2, 'unlink(assets/i...', 'C:\\Users\\sasmit...', 245, Array)
#1 C:\Users\sasmitobaguss\umkmTanjung\app\Controllers\Sistem.php(245): unlink('assets/img/foto...')
#2 C:\Users\sasmitobaguss\umkmTanjung\vendor\codeigniter4\framework\system\CodeIgniter.php(918): App\Controllers\Sistem->fotohapus('7')
#3 C:\Users\sasmitobaguss\umkmTanjung\vendor\codeigniter4\framework\system\CodeIgniter.php(404): CodeIgniter\CodeIgniter->runController(Object(App\Controllers\Sistem))
#4 C:\Users\sasmitobaguss\umkmTanjung\vendor\codeigniter4\framework\system\CodeIgniter.php(312): CodeIgniter\CodeIgniter->handleRequest(NULL, Object(Config\Cache), false)
#5 C:\Users\sasmitobaguss\umkmTanjung\public\index.php(45): CodeIgniter\CodeIgniter->run()
#6 C:\Users\sasmitobaguss\umkmTanjung\vendor\codeigniter4\framework\system\Commands\Server\rewrite.php(34): require_once('C:\\Users\\sasmit...')
#7 {main}
CRITICAL - 2020-12-06 15:00:25 --> Undefined variable: validation
#0 C:\Users\sasmitobaguss\umkmTanjung\app\Views\sistem\data.php(36): CodeIgniter\Debug\Exceptions->errorHandler(8, 'Undefined varia...', 'C:\\Users\\sasmit...', 36, Array)
#1 C:\Users\sasmitobaguss\umkmTanjung\vendor\codeigniter4\framework\system\View\View.php(246): include('C:\\Users\\sasmit...')
#2 C:\Users\sasmitobaguss\umkmTanjung\vendor\codeigniter4\framework\system\Common.php(1119): CodeIgniter\View\View->render('sistem/data', Array, true)
#3 C:\Users\sasmitobaguss\umkmTanjung\app\Controllers\Sistem.php(260): view('sistem/data', Array)
#4 C:\Users\sasmitobaguss\umkmTanjung\vendor\codeigniter4\framework\system\CodeIgniter.php(918): App\Controllers\Sistem->profil()
#5 C:\Users\sasmitobaguss\umkmTanjung\vendor\codeigniter4\framework\system\CodeIgniter.php(404): CodeIgniter\CodeIgniter->runController(Object(App\Controllers\Sistem))
#6 C:\Users\sasmitobaguss\umkmTanjung\vendor\codeigniter4\framework\system\CodeIgniter.php(312): CodeIgniter\CodeIgniter->handleRequest(NULL, Object(Config\Cache), false)
#7 C:\Users\sasmitobaguss\umkmTanjung\public\index.php(45): CodeIgniter\CodeIgniter->run()
#8 C:\Users\sasmitobaguss\umkmTanjung\vendor\codeigniter4\framework\system\Commands\Server\rewrite.php(34): require_once('C:\\Users\\sasmit...')
#9 {main}
CRITICAL - 2020-12-06 15:56:08 --> Undefined variable: pesan
#0 C:\Users\sasmitobaguss\umkmTanjung\app\Views\sistem\akun.php(12): CodeIgniter\Debug\Exceptions->errorHandler(8, 'Undefined varia...', 'C:\\Users\\sasmit...', 12, Array)
#1 C:\Users\sasmitobaguss\umkmTanjung\vendor\codeigniter4\framework\system\View\View.php(246): include('C:\\Users\\sasmit...')
#2 C:\Users\sasmitobaguss\umkmTanjung\vendor\codeigniter4\framework\system\Common.php(1119): CodeIgniter\View\View->render('sistem/akun', Array, true)
#3 C:\Users\sasmitobaguss\umkmTanjung\app\Controllers\Sistem.php(293): view('sistem/akun', Array)
#4 C:\Users\sasmitobaguss\umkmTanjung\vendor\codeigniter4\framework\system\CodeIgniter.php(918): App\Controllers\Sistem->akun()
#5 C:\Users\sasmitobaguss\umkmTanjung\vendor\codeigniter4\framework\system\CodeIgniter.php(404): CodeIgniter\CodeIgniter->runController(Object(App\Controllers\Sistem))
#6 C:\Users\sasmitobaguss\umkmTanjung\vendor\codeigniter4\framework\system\CodeIgniter.php(312): CodeIgniter\CodeIgniter->handleRequest(NULL, Object(Config\Cache), false)
#7 C:\Users\sasmitobaguss\umkmTanjung\public\index.php(45): CodeIgniter\CodeIgniter->run()
#8 C:\Users\sasmitobaguss\umkmTanjung\vendor\codeigniter4\framework\system\Commands\Server\rewrite.php(34): require_once('C:\\Users\\sasmit...')
#9 {main}
CRITICAL - 2020-12-06 03:13:47 --> syntax error, unexpected ''matches'' (T_CONSTANT_ENCAPSED_STRING), expecting ']'
#0 C:\Users\sasmitobaguss\umkmTanjung\vendor\codeigniter4\framework\system\Autoloader\Autoloader.php(296): CodeIgniter\Autoloader\Autoloader->requireFile('C:\\Users\\sasmit...')
#1 C:\Users\sasmitobaguss\umkmTanjung\vendor\codeigniter4\framework\system\Autoloader\Autoloader.php(258): CodeIgniter\Autoloader\Autoloader->loadInNamespace('App\\Controllers...')
#2 [internal function]: CodeIgniter\Autoloader\Autoloader->loadClass('App\\Controllers...')
#3 [internal function]: spl_autoload_call('App\\Controllers...')
#4 C:\Users\sasmitobaguss\umkmTanjung\vendor\codeigniter4\framework\system\CodeIgniter.php(869): class_exists('\\App\\Controller...', true)
#5 C:\Users\sasmitobaguss\umkmTanjung\vendor\codeigniter4\framework\system\CodeIgniter.php(394): CodeIgniter\CodeIgniter->startController()
#6 C:\Users\sasmitobaguss\umkmTanjung\vendor\codeigniter4\framework\system\CodeIgniter.php(312): CodeIgniter\CodeIgniter->handleRequest(NULL, Object(Config\Cache), false)
#7 C:\Users\sasmitobaguss\umkmTanjung\public\index.php(45): CodeIgniter\CodeIgniter->run()
#8 C:\Users\sasmitobaguss\umkmTanjung\vendor\codeigniter4\framework\system\Commands\Server\rewrite.php(34): require_once('C:\\Users\\sasmit...')
#9 {main}
CRITICAL - 2020-12-06 03:13:53 --> syntax error, unexpected ''matches'' (T_CONSTANT_ENCAPSED_STRING), expecting ']'
#0 C:\Users\sasmitobaguss\umkmTanjung\vendor\codeigniter4\framework\system\Autoloader\Autoloader.php(296): CodeIgniter\Autoloader\Autoloader->requireFile('C:\\Users\\sasmit...')
#1 C:\Users\sasmitobaguss\umkmTanjung\vendor\codeigniter4\framework\system\Autoloader\Autoloader.php(258): CodeIgniter\Autoloader\Autoloader->loadInNamespace('App\\Controllers...')
#2 [internal function]: CodeIgniter\Autoloader\Autoloader->loadClass('App\\Controllers...')
#3 [internal function]: spl_autoload_call('App\\Controllers...')
#4 C:\Users\sasmitobaguss\umkmTanjung\vendor\codeigniter4\framework\system\CodeIgniter.php(869): class_exists('\\App\\Controller...', true)
#5 C:\Users\sasmitobaguss\umkmTanjung\vendor\codeigniter4\framework\system\CodeIgniter.php(394): CodeIgniter\CodeIgniter->startController()
#6 C:\Users\sasmitobaguss\umkmTanjung\vendor\codeigniter4\framework\system\CodeIgniter.php(312): CodeIgniter\CodeIgniter->handleRequest(NULL, Object(Config\Cache), false)
#7 C:\Users\sasmitobaguss\umkmTanjung\public\index.php(45): CodeIgniter\CodeIgniter->run()
#8 C:\Users\sasmitobaguss\umkmTanjung\vendor\codeigniter4\framework\system\Commands\Server\rewrite.php(34): require_once('C:\\Users\\sasmit...')
#9 {main}
CRITICAL - 2020-12-06 03:14:03 --> syntax error, unexpected ''password2'' (T_CONSTANT_ENCAPSED_STRING), expecting ']'
#0 C:\Users\sasmitobaguss\umkmTanjung\vendor\codeigniter4\framework\system\Autoloader\Autoloader.php(296): CodeIgniter\Autoloader\Autoloader->requireFile('C:\\Users\\sasmit...')
#1 C:\Users\sasmitobaguss\umkmTanjung\vendor\codeigniter4\framework\system\Autoloader\Autoloader.php(258): CodeIgniter\Autoloader\Autoloader->loadInNamespace('App\\Controllers...')
#2 [internal function]: CodeIgniter\Autoloader\Autoloader->loadClass('App\\Controllers...')
#3 [internal function]: spl_autoload_call('App\\Controllers...')
#4 C:\Users\sasmitobaguss\umkmTanjung\vendor\codeigniter4\framework\system\CodeIgniter.php(869): class_exists('\\App\\Controller...', true)
#5 C:\Users\sasmitobaguss\umkmTanjung\vendor\codeigniter4\framework\system\CodeIgniter.php(394): CodeIgniter\CodeIgniter->startController()
#6 C:\Users\sasmitobaguss\umkmTanjung\vendor\codeigniter4\framework\system\CodeIgniter.php(312): CodeIgniter\CodeIgniter->handleRequest(NULL, Object(Config\Cache), false)
#7 C:\Users\sasmitobaguss\umkmTanjung\public\index.php(45): CodeIgniter\CodeIgniter->run()
#8 C:\Users\sasmitobaguss\umkmTanjung\vendor\codeigniter4\framework\system\Commands\Server\rewrite.php(34): require_once('C:\\Users\\sasmit...')
#9 {main}
CRITICAL - 2020-12-06 03:14:14 --> syntax error, unexpected ')', expecting ']'
#0 C:\Users\sasmitobaguss\umkmTanjung\vendor\codeigniter4\framework\system\Autoloader\Autoloader.php(296): CodeIgniter\Autoloader\Autoloader->requireFile('C:\\Users\\sasmit...')
#1 C:\Users\sasmitobaguss\umkmTanjung\vendor\codeigniter4\framework\system\Autoloader\Autoloader.php(258): CodeIgniter\Autoloader\Autoloader->loadInNamespace('App\\Controllers...')
#2 [internal function]: CodeIgniter\Autoloader\Autoloader->loadClass('App\\Controllers...')
#3 [internal function]: spl_autoload_call('App\\Controllers...')
#4 C:\Users\sasmitobaguss\umkmTanjung\vendor\codeigniter4\framework\system\CodeIgniter.php(869): class_exists('\\App\\Controller...', true)
#5 C:\Users\sasmitobaguss\umkmTanjung\vendor\codeigniter4\framework\system\CodeIgniter.php(394): CodeIgniter\CodeIgniter->startController()
#6 C:\Users\sasmitobaguss\umkmTanjung\vendor\codeigniter4\framework\system\CodeIgniter.php(312): CodeIgniter\CodeIgniter->handleRequest(NULL, Object(Config\Cache), false)
#7 C:\Users\sasmitobaguss\umkmTanjung\public\index.php(45): CodeIgniter\CodeIgniter->run()
#8 C:\Users\sasmitobaguss\umkmTanjung\vendor\codeigniter4\framework\system\Commands\Server\rewrite.php(34): require_once('C:\\Users\\sasmit...')
#9 {main}
CRITICAL - 2020-12-06 03:15:05 --> syntax error, unexpected ')', expecting ']'
#0 C:\Users\sasmitobaguss\umkmTanjung\vendor\codeigniter4\framework\system\Autoloader\Autoloader.php(296): CodeIgniter\Autoloader\Autoloader->requireFile('C:\\Users\\sasmit...')
#1 C:\Users\sasmitobaguss\umkmTanjung\vendor\codeigniter4\framework\system\Autoloader\Autoloader.php(258): CodeIgniter\Autoloader\Autoloader->loadInNamespace('App\\Controllers...')
#2 [internal function]: CodeIgniter\Autoloader\Autoloader->loadClass('App\\Controllers...')
#3 [internal function]: spl_autoload_call('App\\Controllers...')
#4 C:\Users\sasmitobaguss\umkmTanjung\vendor\codeigniter4\framework\system\CodeIgniter.php(869): class_exists('\\App\\Controller...', true)
#5 C:\Users\sasmitobaguss\umkmTanjung\vendor\codeigniter4\framework\system\CodeIgniter.php(394): CodeIgniter\CodeIgniter->startController()
#6 C:\Users\sasmitobaguss\umkmTanjung\vendor\codeigniter4\framework\system\CodeIgniter.php(312): CodeIgniter\CodeIgniter->handleRequest(NULL, Object(Config\Cache), false)
#7 C:\Users\sasmitobaguss\umkmTanjung\public\index.php(45): CodeIgniter\CodeIgniter->run()
#8 C:\Users\sasmitobaguss\umkmTanjung\vendor\codeigniter4\framework\system\Commands\Server\rewrite.php(34): require_once('C:\\Users\\sasmit...')
#9 {main}
CRITICAL - 2020-12-06 03:31:40 --> syntax error, unexpected '=', expecting ']'
#0 C:\Users\sasmitobaguss\umkmTanjung\vendor\codeigniter4\framework\system\Autoloader\Autoloader.php(296): CodeIgniter\Autoloader\Autoloader->requireFile('C:\\Users\\sasmit...')
#1 C:\Users\sasmitobaguss\umkmTanjung\vendor\codeigniter4\framework\system\Autoloader\Autoloader.php(258): CodeIgniter\Autoloader\Autoloader->loadInNamespace('App\\Controllers...')
#2 [internal function]: CodeIgniter\Autoloader\Autoloader->loadClass('App\\Controllers...')
#3 [internal function]: spl_autoload_call('App\\Controllers...')
#4 C:\Users\sasmitobaguss\umkmTanjung\vendor\codeigniter4\framework\system\CodeIgniter.php(869): class_exists('\\App\\Controller...', true)
#5 C:\Users\sasmitobaguss\umkmTanjung\vendor\codeigniter4\framework\system\CodeIgniter.php(394): CodeIgniter\CodeIgniter->startController()
#6 C:\Users\sasmitobaguss\umkmTanjung\vendor\codeigniter4\framework\system\CodeIgniter.php(312): CodeIgniter\CodeIgniter->handleRequest(NULL, Object(Config\Cache), false)
#7 C:\Users\sasmitobaguss\umkmTanjung\public\index.php(45): CodeIgniter\CodeIgniter->run()
#8 C:\Users\sasmitobaguss\umkmTanjung\vendor\codeigniter4\framework\system\Commands\Server\rewrite.php(34): require_once('C:\\Users\\sasmit...')
#9 {main}
CRITICAL - 2020-12-06 03:32:00 --> syntax error, unexpected '=', expecting ']'
#0 C:\Users\sasmitobaguss\umkmTanjung\vendor\codeigniter4\framework\system\Autoloader\Autoloader.php(296): CodeIgniter\Autoloader\Autoloader->requireFile('C:\\Users\\sasmit...')
#1 C:\Users\sasmitobaguss\umkmTanjung\vendor\codeigniter4\framework\system\Autoloader\Autoloader.php(258): CodeIgniter\Autoloader\Autoloader->loadInNamespace('App\\Controllers...')
#2 [internal function]: CodeIgniter\Autoloader\Autoloader->loadClass('App\\Controllers...')
#3 [internal function]: spl_autoload_call('App\\Controllers...')
#4 C:\Users\sasmitobaguss\umkmTanjung\vendor\codeigniter4\framework\system\CodeIgniter.php(869): class_exists('\\App\\Controller...', true)
#5 C:\Users\sasmitobaguss\umkmTanjung\vendor\codeigniter4\framework\system\CodeIgniter.php(394): CodeIgniter\CodeIgniter->startController()
#6 C:\Users\sasmitobaguss\umkmTanjung\vendor\codeigniter4\framework\system\CodeIgniter.php(312): CodeIgniter\CodeIgniter->handleRequest(NULL, Object(Config\Cache), false)
#7 C:\Users\sasmitobaguss\umkmTanjung\public\index.php(45): CodeIgniter\CodeIgniter->run()
#8 C:\Users\sasmitobaguss\umkmTanjung\vendor\codeigniter4\framework\system\Commands\Server\rewrite.php(34): require_once('C:\\Users\\sasmit...')
#9 {main}
CRITICAL - 2020-12-06 16:32:09 --> Undefined variable: i
#0 C:\Users\sasmitobaguss\umkmTanjung\app\Views\sistem\akun.php(7): CodeIgniter\Debug\Exceptions->errorHandler(8, 'Undefined varia...', 'C:\\Users\\sasmit...', 7, Array)
#1 C:\Users\sasmitobaguss\umkmTanjung\vendor\codeigniter4\framework\system\View\View.php(246): include('C:\\Users\\sasmit...')
#2 C:\Users\sasmitobaguss\umkmTanjung\vendor\codeigniter4\framework\system\Common.php(1119): CodeIgniter\View\View->render('sistem/akun', Array, true)
#3 C:\Users\sasmitobaguss\umkmTanjung\app\Controllers\Sistem.php(295): view('sistem/akun', Array)
#4 C:\Users\sasmitobaguss\umkmTanjung\vendor\codeigniter4\framework\system\CodeIgniter.php(918): App\Controllers\Sistem->akun()
#5 C:\Users\sasmitobaguss\umkmTanjung\vendor\codeigniter4\framework\system\CodeIgniter.php(404): CodeIgniter\CodeIgniter->runController(Object(App\Controllers\Sistem))
#6 C:\Users\sasmitobaguss\umkmTanjung\vendor\codeigniter4\framework\system\CodeIgniter.php(312): CodeIgniter\CodeIgniter->handleRequest(NULL, Object(Config\Cache), false)
#7 C:\Users\sasmitobaguss\umkmTanjung\public\index.php(45): CodeIgniter\CodeIgniter->run()
#8 C:\Users\sasmitobaguss\umkmTanjung\vendor\codeigniter4\framework\system\Commands\Server\rewrite.php(34): require_once('C:\\Users\\sasmit...')
#9 {main}
CRITICAL - 2020-12-06 23:38:42 --> syntax error, unexpected '=>' (T_DOUBLE_ARROW), expecting ']'
#0 C:\Users\sasmitobaguss\umkmTanjung\vendor\codeigniter4\framework\system\Autoloader\Autoloader.php(296): CodeIgniter\Autoloader\Autoloader->requireFile('C:\\Users\\sasmit...')
#1 C:\Users\sasmitobaguss\umkmTanjung\vendor\codeigniter4\framework\system\Autoloader\Autoloader.php(258): CodeIgniter\Autoloader\Autoloader->loadInNamespace('App\\Controllers...')
#2 [internal function]: CodeIgniter\Autoloader\Autoloader->loadClass('App\\Controllers...')
#3 [internal function]: spl_autoload_call('App\\Controllers...')
#4 C:\Users\sasmitobaguss\umkmTanjung\vendor\codeigniter4\framework\system\CodeIgniter.php(869): class_exists('\\App\\Controller...', true)
#5 C:\Users\sasmitobaguss\umkmTanjung\vendor\codeigniter4\framework\system\CodeIgniter.php(394): CodeIgniter\CodeIgniter->startController()
#6 C:\Users\sasmitobaguss\umkmTanjung\vendor\codeigniter4\framework\system\CodeIgniter.php(312): CodeIgniter\CodeIgniter->handleRequest(NULL, Object(Config\Cache), false)
#7 C:\Users\sasmitobaguss\umkmTanjung\public\index.php(45): CodeIgniter\CodeIgniter->run()
#8 C:\Users\sasmitobaguss\umkmTanjung\vendor\codeigniter4\framework\system\Commands\Server\rewrite.php(34): require_once('C:\\Users\\sasmit...')
#9 {main}
